#
# There is insufficient memory for the Java Runtime Environment to continue.
# Native memory allocation (malloc) failed to allocate 1272144 bytes. Error detail: Chunk::new
# Possible reasons:
#   The system is out of physical RAM or swap space
#   This process is running with CompressedOops enabled, and the Java Heap may be blocking the growth of the native heap
# Possible solutions:
#   Reduce memory load on the system
#   Increase physical memory or swap space
#   Check if swap backing store is full
#   Decrease Java heap size (-Xmx/-Xms)
#   Decrease number of Java threads
#   Decrease Java thread stack sizes (-Xss)
#   Set larger code cache with -XX:ReservedCodeCacheSize=
#   JVM is running with Unscaled Compressed Oops mode in which the Java heap is
#     placed in the first 4GB address space. The Java Heap base address is the
#     maximum limit for the native heap growth. Please use -XX:HeapBaseMinAddress
#     to set the Java Heap base and to place the Java Heap above 4GB virtual address.
# This output file may be truncated or incomplete.
#
#  Out of Memory Error (arena.cpp:168), pid=25244, tid=28108
#
# JRE version: OpenJDK Runtime Environment Temurin-21.0.5+11 (21.0.5+11) (build 21.0.5+11-LTS)
# Java VM: OpenJDK 64-Bit Server VM Temurin-21.0.5+11 (21.0.5+11-LTS, mixed mode, sharing, tiered, compressed oops, compressed class ptrs, g1 gc, windows-amd64)
# No core dump will be written. Minidumps are not enabled by default on client versions of Windows
#

---------------  S U M M A R Y ------------

Command Line: --add-opens=java.base/java.lang=ALL-UNNAMED --add-opens=java.base/java.lang.invoke=ALL-UNNAMED --add-opens=java.base/java.util=ALL-UNNAMED --add-opens=java.prefs/java.util.prefs=ALL-UNNAMED --add-exports=jdk.compiler/com.sun.tools.javac.api=ALL-UNNAMED --add-exports=jdk.compiler/com.sun.tools.javac.util=ALL-UNNAMED --add-opens=java.base/java.util=ALL-UNNAMED --add-opens=java.prefs/java.util.prefs=ALL-UNNAMED --add-opens=java.base/java.nio.charset=ALL-UNNAMED --add-opens=java.base/java.net=ALL-UNNAMED --add-opens=java.base/java.util.concurrent.atomic=ALL-UNNAMED --add-opens=java.xml/javax.xml.namespace=ALL-UNNAMED -XX:MaxMetaspaceSize=384m -XX:+HeapDumpOnOutOfMemoryError -Xms256m -Xmx512m -Dfile.encoding=UTF-8 -Duser.country -Duser.language=en -Duser.variant -javaagent:C:\Users\taeyu\.gradle\wrapper\dists\gradle-8.13-bin\5xuhj0ry160q40clulazy9h7d\gradle-8.13\lib\agents\gradle-instrumentation-agent-8.13.jar org.gradle.launcher.daemon.bootstrap.GradleDaemon 8.13

Host: 11th Gen Intel(R) Core(TM) i5-1135G7 @ 2.40GHz, 8 cores, 7G,  Windows 11 , 64 bit Build 22621 (10.0.22621.5124)
Time: Mon Apr 28 16:33:24 2025  Windows 11 , 64 bit Build 22621 (10.0.22621.5124) elapsed time: 55.491715 seconds (0d 0h 0m 55s)

---------------  T H R E A D  ---------------

Current thread (0x0000028c7ce55d10):  JavaThread "C2 CompilerThread0" daemon [_thread_in_native, id=28108, stack(0x000000c964000000,0x000000c964100000) (1024K)]


Current CompileTask:
C2:55492 6862       4       groovyjarjarantlr4.v4.runtime.atn.ParserATNSimulator::computeTargetState (617 bytes)

Stack: [0x000000c964000000,0x000000c964100000]
Native frames: (J=compiled Java code, j=interpreted, Vv=VM code, C=native code)
V  [jvm.dll+0x6cd4e9]
V  [jvm.dll+0x8a7941]
V  [jvm.dll+0x8a9e6e]
V  [jvm.dll+0x8aa543]
V  [jvm.dll+0x27f6d6]
V  [jvm.dll+0xc500d]
V  [jvm.dll+0xc5543]
V  [jvm.dll+0x3b660c]
V  [jvm.dll+0x1dffe9]
V  [jvm.dll+0x247b22]
V  [jvm.dll+0x246faf]
V  [jvm.dll+0x1c75ce]
V  [jvm.dll+0x25682a]
V  [jvm.dll+0x254dca]
V  [jvm.dll+0x3f00d6]
V  [jvm.dll+0x8514fb]
V  [jvm.dll+0x6cbbed]
C  [ucrtbase.dll+0x29333]
C  [KERNEL32.DLL+0x1259d]
C  [ntdll.dll+0x5af38]


---------------  P R O C E S S  ---------------

Threads class SMR info:
_java_thread_list=0x0000028c28740ee0, length=56, elements={
0x0000028c70fbd240, 0x0000028c7ce4c7b0, 0x0000028c7ce4ebc0, 0x0000028c7ce4fbc0,
0x0000028c7ce53820, 0x0000028c7ce54360, 0x0000028c7ce54ea0, 0x0000028c7ce55d10,
0x0000028c7ce59bd0, 0x0000028c7cf8dd40, 0x0000028c7d0c7420, 0x0000028c7ea1ac60,
0x0000028c7de9a880, 0x0000028c7d437860, 0x0000028c7df151c0, 0x0000028c7db635e0,
0x0000028c7dee82b0, 0x0000028c7cfd0ed0, 0x0000028c7cfd21a0, 0x0000028c7ee66430,
0x0000028c7ee66ac0, 0x0000028c7ee65080, 0x0000028c7ee67150, 0x0000028c7ee649f0,
0x0000028c7ee65710, 0x0000028c7ee677e0, 0x0000028c7ee67e70, 0x0000028c7f6ef560,
0x0000028c7f6f5140, 0x0000028c7f6f0fa0, 0x0000028c7f6f4420, 0x0000028c7f6f3d90,
0x0000028c7f6f29e0, 0x0000028c7f6f4ab0, 0x0000028c7f6f5e60, 0x0000028c7f6f3070,
0x0000028c7f6f57d0, 0x0000028c7f6f3700, 0x0000028c7f6f1cc0, 0x0000028c7f6f0280,
0x0000028c7f6f0910, 0x0000028c7f6f64f0, 0x0000028c7f6f1630, 0x0000028c7f6f2350,
0x0000028c29e158a0, 0x0000028c29e1a0d0, 0x0000028c29e1a760, 0x0000028c29e16c50,
0x0000028c29e17970, 0x0000028c29e18690, 0x0000028c29e193b0, 0x0000028c29e18000,
0x0000028c29e144f0, 0x0000028c29e14b80, 0x0000028c29f7f640, 0x0000028c7f047040
}

Java Threads: ( => current thread )
  0x0000028c70fbd240 JavaThread "main"                              [_thread_blocked, id=18388, stack(0x000000c963200000,0x000000c963300000) (1024K)]
  0x0000028c7ce4c7b0 JavaThread "Reference Handler"          daemon [_thread_blocked, id=29572, stack(0x000000c963a00000,0x000000c963b00000) (1024K)]
  0x0000028c7ce4ebc0 JavaThread "Finalizer"                  daemon [_thread_blocked, id=29616, stack(0x000000c963b00000,0x000000c963c00000) (1024K)]
  0x0000028c7ce4fbc0 JavaThread "Signal Dispatcher"          daemon [_thread_blocked, id=30128, stack(0x000000c963c00000,0x000000c963d00000) (1024K)]
  0x0000028c7ce53820 JavaThread "Attach Listener"            daemon [_thread_blocked, id=21224, stack(0x000000c963d00000,0x000000c963e00000) (1024K)]
  0x0000028c7ce54360 JavaThread "Service Thread"             daemon [_thread_blocked, id=24108, stack(0x000000c963e00000,0x000000c963f00000) (1024K)]
  0x0000028c7ce54ea0 JavaThread "Monitor Deflation Thread"   daemon [_thread_blocked, id=30328, stack(0x000000c963f00000,0x000000c964000000) (1024K)]
=>0x0000028c7ce55d10 JavaThread "C2 CompilerThread0"         daemon [_thread_in_native, id=28108, stack(0x000000c964000000,0x000000c964100000) (1024K)]
  0x0000028c7ce59bd0 JavaThread "C1 CompilerThread0"         daemon [_thread_blocked, id=26704, stack(0x000000c964100000,0x000000c964200000) (1024K)]
  0x0000028c7cf8dd40 JavaThread "Common-Cleaner"             daemon [_thread_blocked, id=3156, stack(0x000000c964200000,0x000000c964300000) (1024K)]
  0x0000028c7d0c7420 JavaThread "Notification Thread"        daemon [_thread_blocked, id=30288, stack(0x000000c964300000,0x000000c964400000) (1024K)]
  0x0000028c7ea1ac60 JavaThread "Daemon health stats"               [_thread_blocked, id=3088, stack(0x000000c964900000,0x000000c964a00000) (1024K)]
  0x0000028c7de9a880 JavaThread "Incoming local TCP Connector on port 55686"        [_thread_in_native, id=3624, stack(0x000000c964a00000,0x000000c964b00000) (1024K)]
  0x0000028c7d437860 JavaThread "Daemon periodic checks"            [_thread_blocked, id=8272, stack(0x000000c964b00000,0x000000c964c00000) (1024K)]
  0x0000028c7df151c0 JavaThread "Daemon"                            [_thread_blocked, id=20176, stack(0x000000c964c00000,0x000000c964d00000) (1024K)]
  0x0000028c7db635e0 JavaThread "Handler for socket connection from /127.0.0.1:55686 to /127.0.0.1:55687"        [_thread_in_native, id=26416, stack(0x000000c964d00000,0x000000c964e00000) (1024K)]
  0x0000028c7dee82b0 JavaThread "Cancel handler"                    [_thread_blocked, id=28156, stack(0x000000c964e00000,0x000000c964f00000) (1024K)]
  0x0000028c7cfd0ed0 JavaThread "Daemon worker"                     [_thread_in_Java, id=11572, stack(0x000000c964f00000,0x000000c965000000) (1024K)]
  0x0000028c7cfd21a0 JavaThread "Asynchronous log dispatcher for DefaultDaemonConnection: socket connection from /127.0.0.1:55686 to /127.0.0.1:55687"        [_thread_blocked, id=3060, stack(0x000000c965000000,0x000000c965100000) (1024K)]
  0x0000028c7ee66430 JavaThread "Stdin handler"                     [_thread_blocked, id=6760, stack(0x000000c965100000,0x000000c965200000) (1024K)]
  0x0000028c7ee66ac0 JavaThread "Daemon client event forwarder"        [_thread_blocked, id=20692, stack(0x000000c965200000,0x000000c965300000) (1024K)]
  0x0000028c7ee65080 JavaThread "Cache worker for journal cache (C:\Users\taeyu\.gradle\caches\journal-1)"        [_thread_blocked, id=7164, stack(0x000000c965300000,0x000000c965400000) (1024K)]
  0x0000028c7ee67150 JavaThread "File lock request listener"        [_thread_in_native, id=21440, stack(0x000000c965400000,0x000000c965500000) (1024K)]
  0x0000028c7ee649f0 JavaThread "Cache worker for file hash cache (C:\Users\taeyu\.gradle\caches\8.13\fileHashes)"        [_thread_blocked, id=25512, stack(0x000000c965500000,0x000000c965600000) (1024K)]
  0x0000028c7ee65710 JavaThread "Cache worker for file hash cache (C:\LionBootCamp\workspace\momentree_blog\backend\.gradle\8.13\fileHashes)"        [_thread_blocked, id=28904, stack(0x000000c965a00000,0x000000c965b00000) (1024K)]
  0x0000028c7ee677e0 JavaThread "Cache worker for Build Output Cleanup Cache (C:\LionBootCamp\workspace\momentree_blog\backend\.gradle\buildOutputCleanup)"        [_thread_blocked, id=23996, stack(0x000000c965b00000,0x000000c965c00000) (1024K)]
  0x0000028c7ee67e70 JavaThread "File watcher server"        daemon [_thread_in_native, id=14424, stack(0x000000c965900000,0x000000c965a00000) (1024K)]
  0x0000028c7f6ef560 JavaThread "File watcher consumer"      daemon [_thread_blocked, id=22336, stack(0x000000c965c00000,0x000000c965d00000) (1024K)]
  0x0000028c7f6f5140 JavaThread "jar transforms"                    [_thread_blocked, id=2268, stack(0x000000c965d00000,0x000000c965e00000) (1024K)]
  0x0000028c7f6f0fa0 JavaThread "jar transforms Thread 2"           [_thread_blocked, id=27220, stack(0x000000c965e00000,0x000000c965f00000) (1024K)]
  0x0000028c7f6f4420 JavaThread "jar transforms Thread 3"           [_thread_blocked, id=28288, stack(0x000000c965f00000,0x000000c966000000) (1024K)]
  0x0000028c7f6f3d90 JavaThread "jar transforms Thread 4"           [_thread_blocked, id=12396, stack(0x000000c966000000,0x000000c966100000) (1024K)]
  0x0000028c7f6f29e0 JavaThread "jar transforms Thread 5"           [_thread_blocked, id=29796, stack(0x000000c966100000,0x000000c966200000) (1024K)]
  0x0000028c7f6f4ab0 JavaThread "jar transforms Thread 6"           [_thread_blocked, id=4836, stack(0x000000c966200000,0x000000c966300000) (1024K)]
  0x0000028c7f6f5e60 JavaThread "jar transforms Thread 7"           [_thread_blocked, id=30092, stack(0x000000c966300000,0x000000c966400000) (1024K)]
  0x0000028c7f6f3070 JavaThread "jar transforms Thread 8"           [_thread_blocked, id=26420, stack(0x000000c966400000,0x000000c966500000) (1024K)]
  0x0000028c7f6f57d0 JavaThread "Cache worker for checksums cache (C:\LionBootCamp\workspace\momentree_blog\backend\.gradle\8.13\checksums)"        [_thread_blocked, id=2192, stack(0x000000c966500000,0x000000c966600000) (1024K)]
  0x0000028c7f6f3700 JavaThread "Cache worker for file content cache (C:\Users\taeyu\.gradle\caches\8.13\fileContent)"        [_thread_blocked, id=29316, stack(0x000000c966600000,0x000000c966700000) (1024K)]
  0x0000028c7f6f1cc0 JavaThread "Cache worker for cache directory md-supplier (C:\Users\taeyu\.gradle\caches\8.13\md-supplier)"        [_thread_blocked, id=29012, stack(0x000000c966700000,0x000000c966800000) (1024K)]
  0x0000028c7f6f0280 JavaThread "Cache worker for cache directory md-rule (C:\Users\taeyu\.gradle\caches\8.13\md-rule)"        [_thread_blocked, id=29700, stack(0x000000c966800000,0x000000c966900000) (1024K)]
  0x0000028c7f6f0910 JavaThread "Unconstrained build operations"        [_thread_blocked, id=5268, stack(0x000000c966a00000,0x000000c966b00000) (1024K)]
  0x0000028c7f6f64f0 JavaThread "Unconstrained build operations Thread 2"        [_thread_blocked, id=13060, stack(0x000000c966b00000,0x000000c966c00000) (1024K)]
  0x0000028c7f6f1630 JavaThread "Unconstrained build operations Thread 3"        [_thread_blocked, id=29564, stack(0x000000c966c00000,0x000000c966d00000) (1024K)]
  0x0000028c7f6f2350 JavaThread "Unconstrained build operations Thread 4"        [_thread_blocked, id=30436, stack(0x000000c966d00000,0x000000c966e00000) (1024K)]
  0x0000028c29e158a0 JavaThread "Unconstrained build operations Thread 5"        [_thread_blocked, id=21236, stack(0x000000c966e00000,0x000000c966f00000) (1024K)]
  0x0000028c29e1a0d0 JavaThread "Unconstrained build operations Thread 6"        [_thread_blocked, id=7720, stack(0x000000c966f00000,0x000000c967000000) (1024K)]
  0x0000028c29e1a760 JavaThread "Unconstrained build operations Thread 7"        [_thread_blocked, id=20992, stack(0x000000c967000000,0x000000c967100000) (1024K)]
  0x0000028c29e16c50 JavaThread "Unconstrained build operations Thread 8"        [_thread_blocked, id=15344, stack(0x000000c967100000,0x000000c967200000) (1024K)]
  0x0000028c29e17970 JavaThread "Unconstrained build operations Thread 9"        [_thread_blocked, id=28576, stack(0x000000c967200000,0x000000c967300000) (1024K)]
  0x0000028c29e18690 JavaThread "Unconstrained build operations Thread 10"        [_thread_blocked, id=11932, stack(0x000000c967300000,0x000000c967400000) (1024K)]
  0x0000028c29e193b0 JavaThread "Unconstrained build operations Thread 11"        [_thread_blocked, id=2196, stack(0x000000c967400000,0x000000c967500000) (1024K)]
  0x0000028c29e18000 JavaThread "Unconstrained build operations Thread 12"        [_thread_blocked, id=20064, stack(0x000000c967500000,0x000000c967600000) (1024K)]
  0x0000028c29e144f0 JavaThread "Unconstrained build operations Thread 13"        [_thread_blocked, id=27112, stack(0x000000c967600000,0x000000c967700000) (1024K)]
  0x0000028c29e14b80 JavaThread "Unconstrained build operations Thread 14"        [_thread_blocked, id=3568, stack(0x000000c967700000,0x000000c967800000) (1024K)]
  0x0000028c29f7f640 JavaThread "C2 CompilerThread1"         daemon [_thread_in_native, id=30552, stack(0x000000c966900000,0x000000c966a00000) (1024K)]
  0x0000028c7f047040 JavaThread "C2 CompilerThread2"         daemon [_thread_in_native, id=19348, stack(0x000000c967800000,0x000000c967900000) (1024K)]
Total: 56

Other Threads:
  0x0000028c7ce30f60 VMThread "VM Thread"                           [id=11508, stack(0x000000c963900000,0x000000c963a00000) (1024K)]
  0x0000028c7ce20d60 WatcherThread "VM Periodic Task Thread"        [id=26632, stack(0x000000c963800000,0x000000c963900000) (1024K)]
  0x0000028c70fe85b0 WorkerThread "GC Thread#0"                     [id=996, stack(0x000000c963300000,0x000000c963400000) (1024K)]
  0x0000028c7d3ce490 WorkerThread "GC Thread#1"                     [id=26276, stack(0x000000c964400000,0x000000c964500000) (1024K)]
  0x0000028c7d3ce830 WorkerThread "GC Thread#2"                     [id=26696, stack(0x000000c964500000,0x000000c964600000) (1024K)]
  0x0000028c7d3cebd0 WorkerThread "GC Thread#3"                     [id=29544, stack(0x000000c964600000,0x000000c964700000) (1024K)]
  0x0000028c7d450390 WorkerThread "GC Thread#4"                     [id=6376, stack(0x000000c964700000,0x000000c964800000) (1024K)]
  0x0000028c7d450730 WorkerThread "GC Thread#5"                     [id=15496, stack(0x000000c964800000,0x000000c964900000) (1024K)]
  0x0000028c7f475550 WorkerThread "GC Thread#6"                     [id=26916, stack(0x000000c965600000,0x000000c965700000) (1024K)]
  0x0000028c7d2a4fd0 WorkerThread "GC Thread#7"                     [id=25744, stack(0x000000c965700000,0x000000c965800000) (1024K)]
  0x0000028c70fed590 ConcurrentGCThread "G1 Main Marker"            [id=23856, stack(0x000000c963400000,0x000000c963500000) (1024K)]
  0x0000028c70fee090 WorkerThread "G1 Conc#0"                       [id=29476, stack(0x000000c963500000,0x000000c963600000) (1024K)]
  0x0000028c7d2a4c30 WorkerThread "G1 Conc#1"                       [id=26360, stack(0x000000c965800000,0x000000c965900000) (1024K)]
  0x0000028c7ccf09c0 ConcurrentGCThread "G1 Refine#0"               [id=30620, stack(0x000000c963600000,0x000000c963700000) (1024K)]
  0x0000028c7ccf11e0 ConcurrentGCThread "G1 Service"                [id=29432, stack(0x000000c963700000,0x000000c963800000) (1024K)]
Total: 15

Threads with active compile tasks:
C2 CompilerThread0  55577 6862       4       groovyjarjarantlr4.v4.runtime.atn.ParserATNSimulator::computeTargetState (617 bytes)
C2 CompilerThread1  55577 6893       4       groovyjarjarantlr4.v4.runtime.atn.ParserATNSimulator::isConflicted (860 bytes)
C2 CompilerThread2  55578 6901       4       java.util.HashMap$TreeNode::putTreeVal (314 bytes)
Total: 3

VM state: not at safepoint (normal execution)

VM Mutex/Monitor currently owned by a thread: None

Heap address: 0x00000000e0000000, size: 512 MB, Compressed Oops mode: 32-bit

CDS archive(s) mapped at: [0x0000028c0f000000-0x0000028c0fc80000-0x0000028c0fc80000), size 13107200, SharedBaseAddress: 0x0000028c0f000000, ArchiveRelocationMode: 1.
Compressed class space mapped at: 0x0000028c10000000-0x0000028c24000000, reserved size: 335544320
Narrow klass base: 0x0000028c0f000000, Narrow klass shift: 0, Narrow klass range: 0x100000000

GC Precious Log:
 CardTable entry size: 512
 Card Set container configuration: InlinePtr #cards 5 size 8 Array Of Cards #cards 12 size 40 Howl #buckets 4 coarsen threshold 1843 Howl Bitmap #cards 512 size 80 coarsen threshold 460 Card regions per heap region 1 cards per card region 2048
 CPUs: 8 total, 8 available
 Memory: 7915M
 Large Page Support: Disabled
 NUMA Support: Disabled
 Compressed Oops: Enabled (32-bit)
 Heap Region Size: 1M
 Heap Min Capacity: 256M
 Heap Initial Capacity: 256M
 Heap Max Capacity: 512M
 Pre-touch: Disabled
 Parallel Workers: 8
 Concurrent Workers: 2
 Concurrent Refinement Workers: 8
 Periodic GC: Disabled

Heap:
 garbage-first heap   total 262144K, used 127505K [0x00000000e0000000, 0x0000000100000000)
  region size 1024K, 74 young (75776K), 14 survivors (14336K)
 Metaspace       used 51989K, committed 53568K, reserved 393216K
  class space    used 7343K, committed 8128K, reserved 327680K

Heap Regions: E=young(eden), S=young(survivor), O=old, HS=humongous(starts), HC=humongous(continues), CS=collection set, F=free, TAMS=top-at-mark-start, PB=parsable bottom
|   0|0x00000000e0000000, 0x00000000e0100000, 0x00000000e0100000|100%|HS|  |TAMS 0x00000000e0000000| PB 0x00000000e0000000| Complete 
|   1|0x00000000e0100000, 0x00000000e0200000, 0x00000000e0200000|100%|HC|  |TAMS 0x00000000e0100000| PB 0x00000000e0100000| Complete 
|   2|0x00000000e0200000, 0x00000000e0300000, 0x00000000e0300000|100%|HC|  |TAMS 0x00000000e0200000| PB 0x00000000e0200000| Complete 
|   3|0x00000000e0300000, 0x00000000e0400000, 0x00000000e0400000|100%| O|  |TAMS 0x00000000e0300000| PB 0x00000000e0300000| Untracked 
|   4|0x00000000e0400000, 0x00000000e0500000, 0x00000000e0500000|100%| O|  |TAMS 0x00000000e0400000| PB 0x00000000e0400000| Untracked 
|   5|0x00000000e0500000, 0x00000000e0600000, 0x00000000e0600000|100%| O|  |TAMS 0x00000000e0500000| PB 0x00000000e0500000| Untracked 
|   6|0x00000000e0600000, 0x00000000e0700000, 0x00000000e0700000|100%|HS|  |TAMS 0x00000000e0600000| PB 0x00000000e0600000| Complete 
|   7|0x00000000e0700000, 0x00000000e0800000, 0x00000000e0800000|100%| O|  |TAMS 0x00000000e0700000| PB 0x00000000e0700000| Untracked 
|   8|0x00000000e0800000, 0x00000000e0900000, 0x00000000e0900000|100%| O|  |TAMS 0x00000000e0800000| PB 0x00000000e0800000| Untracked 
|   9|0x00000000e0900000, 0x00000000e0a00000, 0x00000000e0a00000|100%| O|  |TAMS 0x00000000e0900000| PB 0x00000000e0900000| Untracked 
|  10|0x00000000e0a00000, 0x00000000e0a00000, 0x00000000e0b00000|  0%| F|  |TAMS 0x00000000e0a00000| PB 0x00000000e0a00000| Untracked 
|  11|0x00000000e0b00000, 0x00000000e0c00000, 0x00000000e0c00000|100%|HS|  |TAMS 0x00000000e0b00000| PB 0x00000000e0b00000| Complete 
|  12|0x00000000e0c00000, 0x00000000e0d00000, 0x00000000e0d00000|100%|HC|  |TAMS 0x00000000e0c00000| PB 0x00000000e0c00000| Complete 
|  13|0x00000000e0d00000, 0x00000000e0e00000, 0x00000000e0e00000|100%|HS|  |TAMS 0x00000000e0d00000| PB 0x00000000e0d00000| Complete 
|  14|0x00000000e0e00000, 0x00000000e0f00000, 0x00000000e0f00000|100%|HC|  |TAMS 0x00000000e0e00000| PB 0x00000000e0e00000| Complete 
|  15|0x00000000e0f00000, 0x00000000e1000000, 0x00000000e1000000|100%|HC|  |TAMS 0x00000000e0f00000| PB 0x00000000e0f00000| Complete 
|  16|0x00000000e1000000, 0x00000000e1100000, 0x00000000e1100000|100%|HS|  |TAMS 0x00000000e1000000| PB 0x00000000e1000000| Complete 
|  17|0x00000000e1100000, 0x00000000e1200000, 0x00000000e1200000|100%|HC|  |TAMS 0x00000000e1100000| PB 0x00000000e1100000| Complete 
|  18|0x00000000e1200000, 0x00000000e1300000, 0x00000000e1300000|100%|HC|  |TAMS 0x00000000e1200000| PB 0x00000000e1200000| Complete 
|  19|0x00000000e1300000, 0x00000000e1400000, 0x00000000e1400000|100%|HS|  |TAMS 0x00000000e1300000| PB 0x00000000e1300000| Complete 
|  20|0x00000000e1400000, 0x00000000e1500000, 0x00000000e1500000|100%|HC|  |TAMS 0x00000000e1400000| PB 0x00000000e1400000| Complete 
|  21|0x00000000e1500000, 0x00000000e1600000, 0x00000000e1600000|100%|HC|  |TAMS 0x00000000e1500000| PB 0x00000000e1500000| Complete 
|  22|0x00000000e1600000, 0x00000000e1700000, 0x00000000e1700000|100%| O|  |TAMS 0x00000000e1600000| PB 0x00000000e1600000| Untracked 
|  23|0x00000000e1700000, 0x00000000e1800000, 0x00000000e1800000|100%| O|  |TAMS 0x00000000e1700000| PB 0x00000000e1700000| Untracked 
|  24|0x00000000e1800000, 0x00000000e1900000, 0x00000000e1900000|100%| O|  |TAMS 0x00000000e1800000| PB 0x00000000e1800000| Untracked 
|  25|0x00000000e1900000, 0x00000000e1a00000, 0x00000000e1a00000|100%| O|  |TAMS 0x00000000e1900000| PB 0x00000000e1900000| Untracked 
|  26|0x00000000e1a00000, 0x00000000e1b00000, 0x00000000e1b00000|100%| O|  |TAMS 0x00000000e1a00000| PB 0x00000000e1a00000| Untracked 
|  27|0x00000000e1b00000, 0x00000000e1c00000, 0x00000000e1c00000|100%| O|  |TAMS 0x00000000e1b00000| PB 0x00000000e1b00000| Untracked 
|  28|0x00000000e1c00000, 0x00000000e1d00000, 0x00000000e1d00000|100%|HS|  |TAMS 0x00000000e1c00000| PB 0x00000000e1c00000| Complete 
|  29|0x00000000e1d00000, 0x00000000e1e00000, 0x00000000e1e00000|100%|HC|  |TAMS 0x00000000e1d00000| PB 0x00000000e1d00000| Complete 
|  30|0x00000000e1e00000, 0x00000000e1f00000, 0x00000000e1f00000|100%|HC|  |TAMS 0x00000000e1e00000| PB 0x00000000e1e00000| Complete 
|  31|0x00000000e1f00000, 0x00000000e2000000, 0x00000000e2000000|100%| O|  |TAMS 0x00000000e1f00000| PB 0x00000000e1f00000| Untracked 
|  32|0x00000000e2000000, 0x00000000e2084540, 0x00000000e2100000| 51%| O|  |TAMS 0x00000000e2000000| PB 0x00000000e2000000| Untracked 
|  33|0x00000000e2100000, 0x00000000e2200000, 0x00000000e2200000|100%| O|  |TAMS 0x00000000e2100000| PB 0x00000000e2100000| Untracked 
|  34|0x00000000e2200000, 0x00000000e2300000, 0x00000000e2300000|100%| O|  |TAMS 0x00000000e2200000| PB 0x00000000e2200000| Untracked 
|  35|0x00000000e2300000, 0x00000000e2400000, 0x00000000e2400000|100%| O|  |TAMS 0x00000000e2300000| PB 0x00000000e2300000| Untracked 
|  36|0x00000000e2400000, 0x00000000e2500000, 0x00000000e2500000|100%| O|  |TAMS 0x00000000e2400000| PB 0x00000000e2400000| Untracked 
|  37|0x00000000e2500000, 0x00000000e2600000, 0x00000000e2600000|100%| O|  |TAMS 0x00000000e2500000| PB 0x00000000e2500000| Untracked 
|  38|0x00000000e2600000, 0x00000000e2700000, 0x00000000e2700000|100%| O|  |TAMS 0x00000000e2600000| PB 0x00000000e2600000| Untracked 
|  39|0x00000000e2700000, 0x00000000e2800000, 0x00000000e2800000|100%| O|  |TAMS 0x00000000e2700000| PB 0x00000000e2700000| Untracked 
|  40|0x00000000e2800000, 0x00000000e2900000, 0x00000000e2900000|100%| O|  |TAMS 0x00000000e2800000| PB 0x00000000e2800000| Untracked 
|  41|0x00000000e2900000, 0x00000000e2a00000, 0x00000000e2a00000|100%| O|  |TAMS 0x00000000e2900000| PB 0x00000000e2900000| Untracked 
|  42|0x00000000e2a00000, 0x00000000e2b00000, 0x00000000e2b00000|100%| O|  |TAMS 0x00000000e2a00000| PB 0x00000000e2a00000| Untracked 
|  43|0x00000000e2b00000, 0x00000000e2c00000, 0x00000000e2c00000|100%| O|  |TAMS 0x00000000e2b00000| PB 0x00000000e2b00000| Untracked 
|  44|0x00000000e2c00000, 0x00000000e2d00000, 0x00000000e2d00000|100%| O|  |TAMS 0x00000000e2c00000| PB 0x00000000e2c00000| Untracked 
|  45|0x00000000e2d00000, 0x00000000e2e00000, 0x00000000e2e00000|100%| O|  |TAMS 0x00000000e2d00000| PB 0x00000000e2d00000| Untracked 
|  46|0x00000000e2e00000, 0x00000000e2f00000, 0x00000000e2f00000|100%| O|  |TAMS 0x00000000e2e00000| PB 0x00000000e2e00000| Untracked 
|  47|0x00000000e2f00000, 0x00000000e3000000, 0x00000000e3000000|100%| O|  |TAMS 0x00000000e2f00000| PB 0x00000000e2f00000| Untracked 
|  48|0x00000000e3000000, 0x00000000e3100000, 0x00000000e3100000|100%| O|  |TAMS 0x00000000e3000000| PB 0x00000000e3000000| Untracked 
|  49|0x00000000e3100000, 0x00000000e3200000, 0x00000000e3200000|100%| O|  |TAMS 0x00000000e3100000| PB 0x00000000e3100000| Untracked 
|  50|0x00000000e3200000, 0x00000000e3300000, 0x00000000e3300000|100%|HS|  |TAMS 0x00000000e3200000| PB 0x00000000e3200000| Complete 
|  51|0x00000000e3300000, 0x00000000e3400000, 0x00000000e3400000|100%|HC|  |TAMS 0x00000000e3300000| PB 0x00000000e3300000| Complete 
|  52|0x00000000e3400000, 0x00000000e3500000, 0x00000000e3500000|100%|HC|  |TAMS 0x00000000e3400000| PB 0x00000000e3400000| Complete 
|  53|0x00000000e3500000, 0x00000000e3500000, 0x00000000e3600000|  0%| F|  |TAMS 0x00000000e3500000| PB 0x00000000e3500000| Untracked 
|  54|0x00000000e3600000, 0x00000000e3600000, 0x00000000e3700000|  0%| F|  |TAMS 0x00000000e3600000| PB 0x00000000e3600000| Untracked 
|  55|0x00000000e3700000, 0x00000000e3700000, 0x00000000e3800000|  0%| F|  |TAMS 0x00000000e3700000| PB 0x00000000e3700000| Untracked 
|  56|0x00000000e3800000, 0x00000000e3800000, 0x00000000e3900000|  0%| F|  |TAMS 0x00000000e3800000| PB 0x00000000e3800000| Untracked 
|  57|0x00000000e3900000, 0x00000000e3900000, 0x00000000e3a00000|  0%| F|  |TAMS 0x00000000e3900000| PB 0x00000000e3900000| Untracked 
|  58|0x00000000e3a00000, 0x00000000e3a00000, 0x00000000e3b00000|  0%| F|  |TAMS 0x00000000e3a00000| PB 0x00000000e3a00000| Untracked 
|  59|0x00000000e3b00000, 0x00000000e3b00000, 0x00000000e3c00000|  0%| F|  |TAMS 0x00000000e3b00000| PB 0x00000000e3b00000| Untracked 
|  60|0x00000000e3c00000, 0x00000000e3c00000, 0x00000000e3d00000|  0%| F|  |TAMS 0x00000000e3c00000| PB 0x00000000e3c00000| Untracked 
|  61|0x00000000e3d00000, 0x00000000e3d00000, 0x00000000e3e00000|  0%| F|  |TAMS 0x00000000e3d00000| PB 0x00000000e3d00000| Untracked 
|  62|0x00000000e3e00000, 0x00000000e3e00000, 0x00000000e3f00000|  0%| F|  |TAMS 0x00000000e3e00000| PB 0x00000000e3e00000| Untracked 
|  63|0x00000000e3f00000, 0x00000000e3f00000, 0x00000000e4000000|  0%| F|  |TAMS 0x00000000e3f00000| PB 0x00000000e3f00000| Untracked 
|  64|0x00000000e4000000, 0x00000000e4000000, 0x00000000e4100000|  0%| F|  |TAMS 0x00000000e4000000| PB 0x00000000e4000000| Untracked 
|  65|0x00000000e4100000, 0x00000000e4100000, 0x00000000e4200000|  0%| F|  |TAMS 0x00000000e4100000| PB 0x00000000e4100000| Untracked 
|  66|0x00000000e4200000, 0x00000000e4200000, 0x00000000e4300000|  0%| F|  |TAMS 0x00000000e4200000| PB 0x00000000e4200000| Untracked 
|  67|0x00000000e4300000, 0x00000000e4300000, 0x00000000e4400000|  0%| F|  |TAMS 0x00000000e4300000| PB 0x00000000e4300000| Untracked 
|  68|0x00000000e4400000, 0x00000000e4400000, 0x00000000e4500000|  0%| F|  |TAMS 0x00000000e4400000| PB 0x00000000e4400000| Untracked 
|  69|0x00000000e4500000, 0x00000000e4500000, 0x00000000e4600000|  0%| F|  |TAMS 0x00000000e4500000| PB 0x00000000e4500000| Untracked 
|  70|0x00000000e4600000, 0x00000000e4600000, 0x00000000e4700000|  0%| F|  |TAMS 0x00000000e4600000| PB 0x00000000e4600000| Untracked 
|  71|0x00000000e4700000, 0x00000000e4700000, 0x00000000e4800000|  0%| F|  |TAMS 0x00000000e4700000| PB 0x00000000e4700000| Untracked 
|  72|0x00000000e4800000, 0x00000000e4800000, 0x00000000e4900000|  0%| F|  |TAMS 0x00000000e4800000| PB 0x00000000e4800000| Untracked 
|  73|0x00000000e4900000, 0x00000000e4900000, 0x00000000e4a00000|  0%| F|  |TAMS 0x00000000e4900000| PB 0x00000000e4900000| Untracked 
|  74|0x00000000e4a00000, 0x00000000e4a00000, 0x00000000e4b00000|  0%| F|  |TAMS 0x00000000e4a00000| PB 0x00000000e4a00000| Untracked 
|  75|0x00000000e4b00000, 0x00000000e4b00000, 0x00000000e4c00000|  0%| F|  |TAMS 0x00000000e4b00000| PB 0x00000000e4b00000| Untracked 
|  76|0x00000000e4c00000, 0x00000000e4c00000, 0x00000000e4d00000|  0%| F|  |TAMS 0x00000000e4c00000| PB 0x00000000e4c00000| Untracked 
|  77|0x00000000e4d00000, 0x00000000e4d00000, 0x00000000e4e00000|  0%| F|  |TAMS 0x00000000e4d00000| PB 0x00000000e4d00000| Untracked 
|  78|0x00000000e4e00000, 0x00000000e4e00000, 0x00000000e4f00000|  0%| F|  |TAMS 0x00000000e4e00000| PB 0x00000000e4e00000| Untracked 
|  79|0x00000000e4f00000, 0x00000000e4f00000, 0x00000000e5000000|  0%| F|  |TAMS 0x00000000e4f00000| PB 0x00000000e4f00000| Untracked 
|  80|0x00000000e5000000, 0x00000000e5000000, 0x00000000e5100000|  0%| F|  |TAMS 0x00000000e5000000| PB 0x00000000e5000000| Untracked 
|  81|0x00000000e5100000, 0x00000000e5100000, 0x00000000e5200000|  0%| F|  |TAMS 0x00000000e5100000| PB 0x00000000e5100000| Untracked 
|  82|0x00000000e5200000, 0x00000000e5200000, 0x00000000e5300000|  0%| F|  |TAMS 0x00000000e5200000| PB 0x00000000e5200000| Untracked 
|  83|0x00000000e5300000, 0x00000000e5300000, 0x00000000e5400000|  0%| F|  |TAMS 0x00000000e5300000| PB 0x00000000e5300000| Untracked 
|  84|0x00000000e5400000, 0x00000000e5400000, 0x00000000e5500000|  0%| F|  |TAMS 0x00000000e5400000| PB 0x00000000e5400000| Untracked 
|  85|0x00000000e5500000, 0x00000000e5500000, 0x00000000e5600000|  0%| F|  |TAMS 0x00000000e5500000| PB 0x00000000e5500000| Untracked 
|  86|0x00000000e5600000, 0x00000000e5600000, 0x00000000e5700000|  0%| F|  |TAMS 0x00000000e5600000| PB 0x00000000e5600000| Untracked 
|  87|0x00000000e5700000, 0x00000000e5700000, 0x00000000e5800000|  0%| F|  |TAMS 0x00000000e5700000| PB 0x00000000e5700000| Untracked 
|  88|0x00000000e5800000, 0x00000000e5800000, 0x00000000e5900000|  0%| F|  |TAMS 0x00000000e5800000| PB 0x00000000e5800000| Untracked 
|  89|0x00000000e5900000, 0x00000000e5a00000, 0x00000000e5a00000|100%| S|CS|TAMS 0x00000000e5900000| PB 0x00000000e5900000| Complete 
|  90|0x00000000e5a00000, 0x00000000e5b00000, 0x00000000e5b00000|100%| S|CS|TAMS 0x00000000e5a00000| PB 0x00000000e5a00000| Complete 
|  91|0x00000000e5b00000, 0x00000000e5c00000, 0x00000000e5c00000|100%| S|CS|TAMS 0x00000000e5b00000| PB 0x00000000e5b00000| Complete 
|  92|0x00000000e5c00000, 0x00000000e5d00000, 0x00000000e5d00000|100%| S|CS|TAMS 0x00000000e5c00000| PB 0x00000000e5c00000| Complete 
|  93|0x00000000e5d00000, 0x00000000e5e00000, 0x00000000e5e00000|100%| S|CS|TAMS 0x00000000e5d00000| PB 0x00000000e5d00000| Complete 
|  94|0x00000000e5e00000, 0x00000000e5f00000, 0x00000000e5f00000|100%| S|CS|TAMS 0x00000000e5e00000| PB 0x00000000e5e00000| Complete 
|  95|0x00000000e5f00000, 0x00000000e6000000, 0x00000000e6000000|100%| S|CS|TAMS 0x00000000e5f00000| PB 0x00000000e5f00000| Complete 
|  96|0x00000000e6000000, 0x00000000e6000000, 0x00000000e6100000|  0%| F|  |TAMS 0x00000000e6000000| PB 0x00000000e6000000| Untracked 
|  97|0x00000000e6100000, 0x00000000e6100000, 0x00000000e6200000|  0%| F|  |TAMS 0x00000000e6100000| PB 0x00000000e6100000| Untracked 
|  98|0x00000000e6200000, 0x00000000e6200000, 0x00000000e6300000|  0%| F|  |TAMS 0x00000000e6200000| PB 0x00000000e6200000| Untracked 
|  99|0x00000000e6300000, 0x00000000e6300000, 0x00000000e6400000|  0%| F|  |TAMS 0x00000000e6300000| PB 0x00000000e6300000| Untracked 
| 100|0x00000000e6400000, 0x00000000e6400000, 0x00000000e6500000|  0%| F|  |TAMS 0x00000000e6400000| PB 0x00000000e6400000| Untracked 
| 101|0x00000000e6500000, 0x00000000e6500000, 0x00000000e6600000|  0%| F|  |TAMS 0x00000000e6500000| PB 0x00000000e6500000| Untracked 
| 102|0x00000000e6600000, 0x00000000e6600000, 0x00000000e6700000|  0%| F|  |TAMS 0x00000000e6600000| PB 0x00000000e6600000| Untracked 
| 103|0x00000000e6700000, 0x00000000e6800000, 0x00000000e6800000|100%| S|CS|TAMS 0x00000000e6700000| PB 0x00000000e6700000| Complete 
| 104|0x00000000e6800000, 0x00000000e6900000, 0x00000000e6900000|100%| S|CS|TAMS 0x00000000e6800000| PB 0x00000000e6800000| Complete 
| 105|0x00000000e6900000, 0x00000000e6a00000, 0x00000000e6a00000|100%| S|CS|TAMS 0x00000000e6900000| PB 0x00000000e6900000| Complete 
| 106|0x00000000e6a00000, 0x00000000e6b00000, 0x00000000e6b00000|100%| S|CS|TAMS 0x00000000e6a00000| PB 0x00000000e6a00000| Complete 
| 107|0x00000000e6b00000, 0x00000000e6c00000, 0x00000000e6c00000|100%| S|CS|TAMS 0x00000000e6b00000| PB 0x00000000e6b00000| Complete 
| 108|0x00000000e6c00000, 0x00000000e6d00000, 0x00000000e6d00000|100%| S|CS|TAMS 0x00000000e6c00000| PB 0x00000000e6c00000| Complete 
| 109|0x00000000e6d00000, 0x00000000e6e00000, 0x00000000e6e00000|100%| S|CS|TAMS 0x00000000e6d00000| PB 0x00000000e6d00000| Complete 
| 110|0x00000000e6e00000, 0x00000000e6e00000, 0x00000000e6f00000|  0%| F|  |TAMS 0x00000000e6e00000| PB 0x00000000e6e00000| Untracked 
| 111|0x00000000e6f00000, 0x00000000e6f00000, 0x00000000e7000000|  0%| F|  |TAMS 0x00000000e6f00000| PB 0x00000000e6f00000| Untracked 
| 112|0x00000000e7000000, 0x00000000e7000000, 0x00000000e7100000|  0%| F|  |TAMS 0x00000000e7000000| PB 0x00000000e7000000| Untracked 
| 113|0x00000000e7100000, 0x00000000e7100000, 0x00000000e7200000|  0%| F|  |TAMS 0x00000000e7100000| PB 0x00000000e7100000| Untracked 
| 114|0x00000000e7200000, 0x00000000e7200000, 0x00000000e7300000|  0%| F|  |TAMS 0x00000000e7200000| PB 0x00000000e7200000| Untracked 
| 115|0x00000000e7300000, 0x00000000e7300000, 0x00000000e7400000|  0%| F|  |TAMS 0x00000000e7300000| PB 0x00000000e7300000| Untracked 
| 116|0x00000000e7400000, 0x00000000e7400000, 0x00000000e7500000|  0%| F|  |TAMS 0x00000000e7400000| PB 0x00000000e7400000| Untracked 
| 117|0x00000000e7500000, 0x00000000e7500000, 0x00000000e7600000|  0%| F|  |TAMS 0x00000000e7500000| PB 0x00000000e7500000| Untracked 
| 118|0x00000000e7600000, 0x00000000e7600000, 0x00000000e7700000|  0%| F|  |TAMS 0x00000000e7600000| PB 0x00000000e7600000| Untracked 
| 119|0x00000000e7700000, 0x00000000e7700000, 0x00000000e7800000|  0%| F|  |TAMS 0x00000000e7700000| PB 0x00000000e7700000| Untracked 
| 120|0x00000000e7800000, 0x00000000e7800000, 0x00000000e7900000|  0%| F|  |TAMS 0x00000000e7800000| PB 0x00000000e7800000| Untracked 
| 121|0x00000000e7900000, 0x00000000e7900000, 0x00000000e7a00000|  0%| F|  |TAMS 0x00000000e7900000| PB 0x00000000e7900000| Untracked 
| 122|0x00000000e7a00000, 0x00000000e7a00000, 0x00000000e7b00000|  0%| F|  |TAMS 0x00000000e7a00000| PB 0x00000000e7a00000| Untracked 
| 123|0x00000000e7b00000, 0x00000000e7b00000, 0x00000000e7c00000|  0%| F|  |TAMS 0x00000000e7b00000| PB 0x00000000e7b00000| Untracked 
| 124|0x00000000e7c00000, 0x00000000e7c00000, 0x00000000e7d00000|  0%| F|  |TAMS 0x00000000e7c00000| PB 0x00000000e7c00000| Untracked 
| 125|0x00000000e7d00000, 0x00000000e7d00000, 0x00000000e7e00000|  0%| F|  |TAMS 0x00000000e7d00000| PB 0x00000000e7d00000| Untracked 
| 126|0x00000000e7e00000, 0x00000000e7e00000, 0x00000000e7f00000|  0%| F|  |TAMS 0x00000000e7e00000| PB 0x00000000e7e00000| Untracked 
| 127|0x00000000e7f00000, 0x00000000e7f00000, 0x00000000e8000000|  0%| F|  |TAMS 0x00000000e7f00000| PB 0x00000000e7f00000| Untracked 
| 128|0x00000000e8000000, 0x00000000e8000000, 0x00000000e8100000|  0%| F|  |TAMS 0x00000000e8000000| PB 0x00000000e8000000| Untracked 
| 129|0x00000000e8100000, 0x00000000e8100000, 0x00000000e8200000|  0%| F|  |TAMS 0x00000000e8100000| PB 0x00000000e8100000| Untracked 
| 130|0x00000000e8200000, 0x00000000e8200000, 0x00000000e8300000|  0%| F|  |TAMS 0x00000000e8200000| PB 0x00000000e8200000| Untracked 
| 131|0x00000000e8300000, 0x00000000e8300000, 0x00000000e8400000|  0%| F|  |TAMS 0x00000000e8300000| PB 0x00000000e8300000| Untracked 
| 132|0x00000000e8400000, 0x00000000e8400000, 0x00000000e8500000|  0%| F|  |TAMS 0x00000000e8400000| PB 0x00000000e8400000| Untracked 
| 133|0x00000000e8500000, 0x00000000e8500000, 0x00000000e8600000|  0%| F|  |TAMS 0x00000000e8500000| PB 0x00000000e8500000| Untracked 
| 134|0x00000000e8600000, 0x00000000e8600000, 0x00000000e8700000|  0%| F|  |TAMS 0x00000000e8600000| PB 0x00000000e8600000| Untracked 
| 135|0x00000000e8700000, 0x00000000e8700000, 0x00000000e8800000|  0%| F|  |TAMS 0x00000000e8700000| PB 0x00000000e8700000| Untracked 
| 136|0x00000000e8800000, 0x00000000e8800000, 0x00000000e8900000|  0%| F|  |TAMS 0x00000000e8800000| PB 0x00000000e8800000| Untracked 
| 137|0x00000000e8900000, 0x00000000e8900000, 0x00000000e8a00000|  0%| F|  |TAMS 0x00000000e8900000| PB 0x00000000e8900000| Untracked 
| 138|0x00000000e8a00000, 0x00000000e8a00000, 0x00000000e8b00000|  0%| F|  |TAMS 0x00000000e8a00000| PB 0x00000000e8a00000| Untracked 
| 139|0x00000000e8b00000, 0x00000000e8b00000, 0x00000000e8c00000|  0%| F|  |TAMS 0x00000000e8b00000| PB 0x00000000e8b00000| Untracked 
| 140|0x00000000e8c00000, 0x00000000e8c00000, 0x00000000e8d00000|  0%| F|  |TAMS 0x00000000e8c00000| PB 0x00000000e8c00000| Untracked 
| 141|0x00000000e8d00000, 0x00000000e8d00000, 0x00000000e8e00000|  0%| F|  |TAMS 0x00000000e8d00000| PB 0x00000000e8d00000| Untracked 
| 142|0x00000000e8e00000, 0x00000000e8e00000, 0x00000000e8f00000|  0%| F|  |TAMS 0x00000000e8e00000| PB 0x00000000e8e00000| Untracked 
| 143|0x00000000e8f00000, 0x00000000e8f00000, 0x00000000e9000000|  0%| F|  |TAMS 0x00000000e8f00000| PB 0x00000000e8f00000| Untracked 
| 144|0x00000000e9000000, 0x00000000e9000000, 0x00000000e9100000|  0%| F|  |TAMS 0x00000000e9000000| PB 0x00000000e9000000| Untracked 
| 145|0x00000000e9100000, 0x00000000e9100000, 0x00000000e9200000|  0%| F|  |TAMS 0x00000000e9100000| PB 0x00000000e9100000| Untracked 
| 146|0x00000000e9200000, 0x00000000e9200000, 0x00000000e9300000|  0%| F|  |TAMS 0x00000000e9200000| PB 0x00000000e9200000| Untracked 
| 147|0x00000000e9300000, 0x00000000e9300000, 0x00000000e9400000|  0%| F|  |TAMS 0x00000000e9300000| PB 0x00000000e9300000| Untracked 
| 148|0x00000000e9400000, 0x00000000e9400000, 0x00000000e9500000|  0%| F|  |TAMS 0x00000000e9400000| PB 0x00000000e9400000| Untracked 
| 149|0x00000000e9500000, 0x00000000e9500000, 0x00000000e9600000|  0%| F|  |TAMS 0x00000000e9500000| PB 0x00000000e9500000| Untracked 
| 150|0x00000000e9600000, 0x00000000e9600000, 0x00000000e9700000|  0%| F|  |TAMS 0x00000000e9600000| PB 0x00000000e9600000| Untracked 
| 151|0x00000000e9700000, 0x00000000e9700000, 0x00000000e9800000|  0%| F|  |TAMS 0x00000000e9700000| PB 0x00000000e9700000| Untracked 
| 152|0x00000000e9800000, 0x00000000e9800000, 0x00000000e9900000|  0%| F|  |TAMS 0x00000000e9800000| PB 0x00000000e9800000| Untracked 
| 153|0x00000000e9900000, 0x00000000e9900000, 0x00000000e9a00000|  0%| F|  |TAMS 0x00000000e9900000| PB 0x00000000e9900000| Untracked 
| 154|0x00000000e9a00000, 0x00000000e9a00000, 0x00000000e9b00000|  0%| F|  |TAMS 0x00000000e9a00000| PB 0x00000000e9a00000| Untracked 
| 155|0x00000000e9b00000, 0x00000000e9b00000, 0x00000000e9c00000|  0%| F|  |TAMS 0x00000000e9b00000| PB 0x00000000e9b00000| Untracked 
| 156|0x00000000e9c00000, 0x00000000e9c00000, 0x00000000e9d00000|  0%| F|  |TAMS 0x00000000e9c00000| PB 0x00000000e9c00000| Untracked 
| 157|0x00000000e9d00000, 0x00000000e9d00000, 0x00000000e9e00000|  0%| F|  |TAMS 0x00000000e9d00000| PB 0x00000000e9d00000| Untracked 
| 158|0x00000000e9e00000, 0x00000000e9e00000, 0x00000000e9f00000|  0%| F|  |TAMS 0x00000000e9e00000| PB 0x00000000e9e00000| Untracked 
| 159|0x00000000e9f00000, 0x00000000e9f00000, 0x00000000ea000000|  0%| F|  |TAMS 0x00000000e9f00000| PB 0x00000000e9f00000| Untracked 
| 160|0x00000000ea000000, 0x00000000ea000000, 0x00000000ea100000|  0%| F|  |TAMS 0x00000000ea000000| PB 0x00000000ea000000| Untracked 
| 161|0x00000000ea100000, 0x00000000ea100000, 0x00000000ea200000|  0%| F|  |TAMS 0x00000000ea100000| PB 0x00000000ea100000| Untracked 
| 162|0x00000000ea200000, 0x00000000ea200000, 0x00000000ea300000|  0%| F|  |TAMS 0x00000000ea200000| PB 0x00000000ea200000| Untracked 
| 163|0x00000000ea300000, 0x00000000ea300000, 0x00000000ea400000|  0%| F|  |TAMS 0x00000000ea300000| PB 0x00000000ea300000| Untracked 
| 164|0x00000000ea400000, 0x00000000ea400000, 0x00000000ea500000|  0%| F|  |TAMS 0x00000000ea400000| PB 0x00000000ea400000| Untracked 
| 165|0x00000000ea500000, 0x00000000ea500000, 0x00000000ea600000|  0%| F|  |TAMS 0x00000000ea500000| PB 0x00000000ea500000| Untracked 
| 166|0x00000000ea600000, 0x00000000ea600000, 0x00000000ea700000|  0%| F|  |TAMS 0x00000000ea600000| PB 0x00000000ea600000| Untracked 
| 167|0x00000000ea700000, 0x00000000ea700000, 0x00000000ea800000|  0%| F|  |TAMS 0x00000000ea700000| PB 0x00000000ea700000| Untracked 
| 168|0x00000000ea800000, 0x00000000ea800000, 0x00000000ea900000|  0%| F|  |TAMS 0x00000000ea800000| PB 0x00000000ea800000| Untracked 
| 169|0x00000000ea900000, 0x00000000ea900000, 0x00000000eaa00000|  0%| F|  |TAMS 0x00000000ea900000| PB 0x00000000ea900000| Untracked 
| 170|0x00000000eaa00000, 0x00000000eaa00000, 0x00000000eab00000|  0%| F|  |TAMS 0x00000000eaa00000| PB 0x00000000eaa00000| Untracked 
| 171|0x00000000eab00000, 0x00000000eab00000, 0x00000000eac00000|  0%| F|  |TAMS 0x00000000eab00000| PB 0x00000000eab00000| Untracked 
| 172|0x00000000eac00000, 0x00000000eac00000, 0x00000000ead00000|  0%| F|  |TAMS 0x00000000eac00000| PB 0x00000000eac00000| Untracked 
| 173|0x00000000ead00000, 0x00000000ead00000, 0x00000000eae00000|  0%| F|  |TAMS 0x00000000ead00000| PB 0x00000000ead00000| Untracked 
| 174|0x00000000eae00000, 0x00000000eae00000, 0x00000000eaf00000|  0%| F|  |TAMS 0x00000000eae00000| PB 0x00000000eae00000| Untracked 
| 175|0x00000000eaf00000, 0x00000000eaf00000, 0x00000000eb000000|  0%| F|  |TAMS 0x00000000eaf00000| PB 0x00000000eaf00000| Untracked 
| 176|0x00000000eb000000, 0x00000000eb000000, 0x00000000eb100000|  0%| F|  |TAMS 0x00000000eb000000| PB 0x00000000eb000000| Untracked 
| 177|0x00000000eb100000, 0x00000000eb100000, 0x00000000eb200000|  0%| F|  |TAMS 0x00000000eb100000| PB 0x00000000eb100000| Untracked 
| 178|0x00000000eb200000, 0x00000000eb200000, 0x00000000eb300000|  0%| F|  |TAMS 0x00000000eb200000| PB 0x00000000eb200000| Untracked 
| 179|0x00000000eb300000, 0x00000000eb300000, 0x00000000eb400000|  0%| F|  |TAMS 0x00000000eb300000| PB 0x00000000eb300000| Untracked 
| 180|0x00000000eb400000, 0x00000000eb400000, 0x00000000eb500000|  0%| F|  |TAMS 0x00000000eb400000| PB 0x00000000eb400000| Untracked 
| 181|0x00000000eb500000, 0x00000000eb500000, 0x00000000eb600000|  0%| F|  |TAMS 0x00000000eb500000| PB 0x00000000eb500000| Untracked 
| 182|0x00000000eb600000, 0x00000000eb600000, 0x00000000eb700000|  0%| F|  |TAMS 0x00000000eb600000| PB 0x00000000eb600000| Untracked 
| 183|0x00000000eb700000, 0x00000000eb700000, 0x00000000eb800000|  0%| F|  |TAMS 0x00000000eb700000| PB 0x00000000eb700000| Untracked 
| 184|0x00000000eb800000, 0x00000000eb800000, 0x00000000eb900000|  0%| F|  |TAMS 0x00000000eb800000| PB 0x00000000eb800000| Untracked 
| 185|0x00000000eb900000, 0x00000000eb900000, 0x00000000eba00000|  0%| F|  |TAMS 0x00000000eb900000| PB 0x00000000eb900000| Untracked 
| 186|0x00000000eba00000, 0x00000000eba00000, 0x00000000ebb00000|  0%| F|  |TAMS 0x00000000eba00000| PB 0x00000000eba00000| Untracked 
| 187|0x00000000ebb00000, 0x00000000ebb00000, 0x00000000ebc00000|  0%| F|  |TAMS 0x00000000ebb00000| PB 0x00000000ebb00000| Untracked 
| 188|0x00000000ebc00000, 0x00000000ebc00000, 0x00000000ebd00000|  0%| F|  |TAMS 0x00000000ebc00000| PB 0x00000000ebc00000| Untracked 
| 189|0x00000000ebd00000, 0x00000000ebd00000, 0x00000000ebe00000|  0%| F|  |TAMS 0x00000000ebd00000| PB 0x00000000ebd00000| Untracked 
| 190|0x00000000ebe00000, 0x00000000ebe00000, 0x00000000ebf00000|  0%| F|  |TAMS 0x00000000ebe00000| PB 0x00000000ebe00000| Untracked 
| 191|0x00000000ebf00000, 0x00000000ebf00000, 0x00000000ec000000|  0%| F|  |TAMS 0x00000000ebf00000| PB 0x00000000ebf00000| Untracked 
| 192|0x00000000ec000000, 0x00000000ec000000, 0x00000000ec100000|  0%| F|  |TAMS 0x00000000ec000000| PB 0x00000000ec000000| Untracked 
| 193|0x00000000ec100000, 0x00000000ec100000, 0x00000000ec200000|  0%| F|  |TAMS 0x00000000ec100000| PB 0x00000000ec100000| Untracked 
| 194|0x00000000ec200000, 0x00000000ec200000, 0x00000000ec300000|  0%| F|  |TAMS 0x00000000ec200000| PB 0x00000000ec200000| Untracked 
| 195|0x00000000ec300000, 0x00000000ec300000, 0x00000000ec400000|  0%| F|  |TAMS 0x00000000ec300000| PB 0x00000000ec300000| Untracked 
| 196|0x00000000ec400000, 0x00000000ec480000, 0x00000000ec500000| 50%| E|  |TAMS 0x00000000ec400000| PB 0x00000000ec400000| Complete 
| 197|0x00000000ec500000, 0x00000000ec600000, 0x00000000ec600000|100%| E|CS|TAMS 0x00000000ec500000| PB 0x00000000ec500000| Complete 
| 198|0x00000000ec600000, 0x00000000ec700000, 0x00000000ec700000|100%| E|CS|TAMS 0x00000000ec600000| PB 0x00000000ec600000| Complete 
| 199|0x00000000ec700000, 0x00000000ec800000, 0x00000000ec800000|100%| E|CS|TAMS 0x00000000ec700000| PB 0x00000000ec700000| Complete 
| 200|0x00000000ec800000, 0x00000000ec900000, 0x00000000ec900000|100%| E|CS|TAMS 0x00000000ec800000| PB 0x00000000ec800000| Complete 
| 201|0x00000000ec900000, 0x00000000eca00000, 0x00000000eca00000|100%| E|CS|TAMS 0x00000000ec900000| PB 0x00000000ec900000| Complete 
| 202|0x00000000eca00000, 0x00000000ecb00000, 0x00000000ecb00000|100%| E|CS|TAMS 0x00000000eca00000| PB 0x00000000eca00000| Complete 
| 203|0x00000000ecb00000, 0x00000000ecc00000, 0x00000000ecc00000|100%| E|CS|TAMS 0x00000000ecb00000| PB 0x00000000ecb00000| Complete 
| 204|0x00000000ecc00000, 0x00000000ecd00000, 0x00000000ecd00000|100%| E|CS|TAMS 0x00000000ecc00000| PB 0x00000000ecc00000| Complete 
| 205|0x00000000ecd00000, 0x00000000ece00000, 0x00000000ece00000|100%| E|CS|TAMS 0x00000000ecd00000| PB 0x00000000ecd00000| Complete 
| 206|0x00000000ece00000, 0x00000000ecf00000, 0x00000000ecf00000|100%| E|CS|TAMS 0x00000000ece00000| PB 0x00000000ece00000| Complete 
| 207|0x00000000ecf00000, 0x00000000ed000000, 0x00000000ed000000|100%| E|CS|TAMS 0x00000000ecf00000| PB 0x00000000ecf00000| Complete 
| 208|0x00000000ed000000, 0x00000000ed100000, 0x00000000ed100000|100%| E|CS|TAMS 0x00000000ed000000| PB 0x00000000ed000000| Complete 
| 209|0x00000000ed100000, 0x00000000ed200000, 0x00000000ed200000|100%| E|CS|TAMS 0x00000000ed100000| PB 0x00000000ed100000| Complete 
| 210|0x00000000ed200000, 0x00000000ed300000, 0x00000000ed300000|100%| E|CS|TAMS 0x00000000ed200000| PB 0x00000000ed200000| Complete 
| 211|0x00000000ed300000, 0x00000000ed400000, 0x00000000ed400000|100%| E|CS|TAMS 0x00000000ed300000| PB 0x00000000ed300000| Complete 
| 212|0x00000000ed400000, 0x00000000ed500000, 0x00000000ed500000|100%| E|CS|TAMS 0x00000000ed400000| PB 0x00000000ed400000| Complete 
| 213|0x00000000ed500000, 0x00000000ed600000, 0x00000000ed600000|100%| E|CS|TAMS 0x00000000ed500000| PB 0x00000000ed500000| Complete 
| 214|0x00000000ed600000, 0x00000000ed700000, 0x00000000ed700000|100%| E|CS|TAMS 0x00000000ed600000| PB 0x00000000ed600000| Complete 
| 215|0x00000000ed700000, 0x00000000ed800000, 0x00000000ed800000|100%| E|CS|TAMS 0x00000000ed700000| PB 0x00000000ed700000| Complete 
| 216|0x00000000ed800000, 0x00000000ed900000, 0x00000000ed900000|100%| E|CS|TAMS 0x00000000ed800000| PB 0x00000000ed800000| Complete 
| 217|0x00000000ed900000, 0x00000000eda00000, 0x00000000eda00000|100%| E|CS|TAMS 0x00000000ed900000| PB 0x00000000ed900000| Complete 
| 218|0x00000000eda00000, 0x00000000edb00000, 0x00000000edb00000|100%| E|CS|TAMS 0x00000000eda00000| PB 0x00000000eda00000| Complete 
| 219|0x00000000edb00000, 0x00000000edc00000, 0x00000000edc00000|100%| E|CS|TAMS 0x00000000edb00000| PB 0x00000000edb00000| Complete 
| 220|0x00000000edc00000, 0x00000000edd00000, 0x00000000edd00000|100%| E|CS|TAMS 0x00000000edc00000| PB 0x00000000edc00000| Complete 
| 221|0x00000000edd00000, 0x00000000ede00000, 0x00000000ede00000|100%| E|CS|TAMS 0x00000000edd00000| PB 0x00000000edd00000| Complete 
| 222|0x00000000ede00000, 0x00000000edf00000, 0x00000000edf00000|100%| E|CS|TAMS 0x00000000ede00000| PB 0x00000000ede00000| Complete 
| 223|0x00000000edf00000, 0x00000000ee000000, 0x00000000ee000000|100%| E|CS|TAMS 0x00000000edf00000| PB 0x00000000edf00000| Complete 
| 224|0x00000000ee000000, 0x00000000ee100000, 0x00000000ee100000|100%| E|CS|TAMS 0x00000000ee000000| PB 0x00000000ee000000| Complete 
| 225|0x00000000ee100000, 0x00000000ee200000, 0x00000000ee200000|100%| E|CS|TAMS 0x00000000ee100000| PB 0x00000000ee100000| Complete 
| 226|0x00000000ee200000, 0x00000000ee300000, 0x00000000ee300000|100%| E|CS|TAMS 0x00000000ee200000| PB 0x00000000ee200000| Complete 
| 227|0x00000000ee300000, 0x00000000ee400000, 0x00000000ee400000|100%| E|CS|TAMS 0x00000000ee300000| PB 0x00000000ee300000| Complete 
| 228|0x00000000ee400000, 0x00000000ee500000, 0x00000000ee500000|100%| E|CS|TAMS 0x00000000ee400000| PB 0x00000000ee400000| Complete 
| 229|0x00000000ee500000, 0x00000000ee600000, 0x00000000ee600000|100%| E|CS|TAMS 0x00000000ee500000| PB 0x00000000ee500000| Complete 
| 230|0x00000000ee600000, 0x00000000ee700000, 0x00000000ee700000|100%| E|CS|TAMS 0x00000000ee600000| PB 0x00000000ee600000| Complete 
| 231|0x00000000ee700000, 0x00000000ee800000, 0x00000000ee800000|100%| E|CS|TAMS 0x00000000ee700000| PB 0x00000000ee700000| Complete 
| 232|0x00000000ee800000, 0x00000000ee900000, 0x00000000ee900000|100%| E|CS|TAMS 0x00000000ee800000| PB 0x00000000ee800000| Complete 
| 233|0x00000000ee900000, 0x00000000eea00000, 0x00000000eea00000|100%| E|CS|TAMS 0x00000000ee900000| PB 0x00000000ee900000| Complete 
| 234|0x00000000eea00000, 0x00000000eeb00000, 0x00000000eeb00000|100%| E|CS|TAMS 0x00000000eea00000| PB 0x00000000eea00000| Complete 
| 235|0x00000000eeb00000, 0x00000000eec00000, 0x00000000eec00000|100%| E|CS|TAMS 0x00000000eeb00000| PB 0x00000000eeb00000| Complete 
| 236|0x00000000eec00000, 0x00000000eed00000, 0x00000000eed00000|100%| E|CS|TAMS 0x00000000eec00000| PB 0x00000000eec00000| Complete 
| 237|0x00000000eed00000, 0x00000000eee00000, 0x00000000eee00000|100%| E|CS|TAMS 0x00000000eed00000| PB 0x00000000eed00000| Complete 
| 238|0x00000000eee00000, 0x00000000eef00000, 0x00000000eef00000|100%| E|CS|TAMS 0x00000000eee00000| PB 0x00000000eee00000| Complete 
| 239|0x00000000eef00000, 0x00000000ef000000, 0x00000000ef000000|100%| E|CS|TAMS 0x00000000eef00000| PB 0x00000000eef00000| Complete 
| 240|0x00000000ef000000, 0x00000000ef100000, 0x00000000ef100000|100%| E|CS|TAMS 0x00000000ef000000| PB 0x00000000ef000000| Complete 
| 241|0x00000000ef100000, 0x00000000ef200000, 0x00000000ef200000|100%| E|CS|TAMS 0x00000000ef100000| PB 0x00000000ef100000| Complete 
| 242|0x00000000ef200000, 0x00000000ef300000, 0x00000000ef300000|100%| E|CS|TAMS 0x00000000ef200000| PB 0x00000000ef200000| Complete 
| 243|0x00000000ef300000, 0x00000000ef400000, 0x00000000ef400000|100%| E|CS|TAMS 0x00000000ef300000| PB 0x00000000ef300000| Complete 
| 244|0x00000000ef400000, 0x00000000ef500000, 0x00000000ef500000|100%| E|CS|TAMS 0x00000000ef400000| PB 0x00000000ef400000| Complete 
| 245|0x00000000ef500000, 0x00000000ef600000, 0x00000000ef600000|100%| E|CS|TAMS 0x00000000ef500000| PB 0x00000000ef500000| Complete 
| 246|0x00000000ef600000, 0x00000000ef700000, 0x00000000ef700000|100%| E|CS|TAMS 0x00000000ef600000| PB 0x00000000ef600000| Complete 
| 247|0x00000000ef700000, 0x00000000ef800000, 0x00000000ef800000|100%| E|CS|TAMS 0x00000000ef700000| PB 0x00000000ef700000| Complete 
| 248|0x00000000ef800000, 0x00000000ef900000, 0x00000000ef900000|100%| E|CS|TAMS 0x00000000ef800000| PB 0x00000000ef800000| Complete 
| 249|0x00000000ef900000, 0x00000000efa00000, 0x00000000efa00000|100%| E|CS|TAMS 0x00000000ef900000| PB 0x00000000ef900000| Complete 
| 250|0x00000000efa00000, 0x00000000efb00000, 0x00000000efb00000|100%| E|CS|TAMS 0x00000000efa00000| PB 0x00000000efa00000| Complete 
| 251|0x00000000efb00000, 0x00000000efc00000, 0x00000000efc00000|100%| E|CS|TAMS 0x00000000efb00000| PB 0x00000000efb00000| Complete 
| 252|0x00000000efc00000, 0x00000000efd00000, 0x00000000efd00000|100%| E|CS|TAMS 0x00000000efc00000| PB 0x00000000efc00000| Complete 
| 253|0x00000000efd00000, 0x00000000efe00000, 0x00000000efe00000|100%| E|CS|TAMS 0x00000000efd00000| PB 0x00000000efd00000| Complete 
| 254|0x00000000efe00000, 0x00000000eff00000, 0x00000000eff00000|100%| E|CS|TAMS 0x00000000efe00000| PB 0x00000000efe00000| Complete 
| 255|0x00000000eff00000, 0x00000000f0000000, 0x00000000f0000000|100%| E|CS|TAMS 0x00000000eff00000| PB 0x00000000eff00000| Complete 

Card table byte_map: [0x0000028c79ad0000,0x0000028c79bd0000] _byte_map_base: 0x0000028c793d0000

Marking Bits: (CMBitMap*) 0x0000028c70fe8cb0
 Bits: [0x0000028c79bd0000, 0x0000028c7a3d0000)

Polling page: 0x0000028c70780000

Metaspace:

Usage:
  Non-class:     43.62 MB used.
      Class:      7.18 MB used.
       Both:     50.79 MB used.

Virtual space:
  Non-class space:       64.00 MB reserved,      44.38 MB ( 69%) committed,  1 nodes.
      Class space:      320.00 MB reserved,       7.94 MB (  2%) committed,  1 nodes.
             Both:      384.00 MB reserved,      52.31 MB ( 14%) committed. 

Chunk freelists:
   Non-Class:  2.95 MB
       Class:  7.95 MB
        Both:  10.91 MB

MaxMetaspaceSize: 384.00 MB
CompressedClassSpaceSize: 320.00 MB
Initial GC threshold: 21.00 MB
Current GC threshold: 58.69 MB
CDS: on
 - commit_granule_bytes: 65536.
 - commit_granule_words: 8192.
 - virtual_space_node_default_size: 8388608.
 - enlarge_chunks_in_place: 1.
 - use_allocation_guard: 0.


Internal statistics:

num_allocs_failed_limit: 6.
num_arena_births: 2788.
num_arena_deaths: 0.
num_vsnodes_births: 2.
num_vsnodes_deaths: 0.
num_space_committed: 837.
num_space_uncommitted: 0.
num_chunks_returned_to_freelist: 6.
num_chunks_taken_from_freelist: 5210.
num_chunk_merges: 6.
num_chunk_splits: 3372.
num_chunks_enlarged: 2042.
num_inconsistent_stats: 0.

CodeHeap 'non-profiled nmethods': size=120000Kb used=4439Kb max_used=4439Kb free=115560Kb
 bounds [0x0000028c07ad0000, 0x0000028c07f30000, 0x0000028c0f000000]
CodeHeap 'profiled nmethods': size=120000Kb used=12786Kb max_used=12786Kb free=107213Kb
 bounds [0x0000028c00000000, 0x0000028c00c80000, 0x0000028c07530000]
CodeHeap 'non-nmethods': size=5760Kb used=2990Kb max_used=3037Kb free=2769Kb
 bounds [0x0000028c07530000, 0x0000028c07830000, 0x0000028c07ad0000]
 total_blobs=7362 nmethods=6490 adapters=776
 compilation: enabled
              stopped_count=0, restarted_count=0
 full_count=0

Compilation events (20 events):
Event: 55.249 Thread 0x0000028c7ce59bd0 6927       3       org.apache.groovy.parser.antlr4.GroovyParser$PostfixExprAltContext::accept (26 bytes)
Event: 55.249 Thread 0x0000028c7ce59bd0 nmethod 6927 0x0000028c00c45790 code [0x0000028c00c45980, 0x0000028c00c45fe0]
Event: 55.249 Thread 0x0000028c7ce59bd0 6928       3       org.apache.groovy.parser.antlr4.GroovyParserBaseVisitor::visitPostfixExprAlt (6 bytes)
Event: 55.249 Thread 0x0000028c7ce59bd0 nmethod 6928 0x0000028c00c46190 code [0x0000028c00c46340, 0x0000028c00c46500]
Event: 55.249 Thread 0x0000028c7ce59bd0 6929       3       org.apache.groovy.parser.antlr4.GroovyParser$PathExpressionContext::pathElement (7 bytes)
Event: 55.250 Thread 0x0000028c7ce59bd0 nmethod 6929 0x0000028c00c46590 code [0x0000028c00c46740, 0x0000028c00c46910]
Event: 55.250 Thread 0x0000028c7ce59bd0 6930       1       org.codehaus.groovy.ast.expr.VariableExpression::getText (5 bytes)
Event: 55.250 Thread 0x0000028c7ce59bd0 nmethod 6930 0x0000028c07f20010 code [0x0000028c07f201a0, 0x0000028c07f20268]
Event: 55.250 Thread 0x0000028c7ce59bd0 6931       1       org.codehaus.groovy.ast.VariableScope::isInStaticContext (5 bytes)
Event: 55.250 Thread 0x0000028c7ce59bd0 nmethod 6931 0x0000028c07f20310 code [0x0000028c07f204a0, 0x0000028c07f20570]
Event: 55.250 Thread 0x0000028c7ce59bd0 6932       1       org.codehaus.groovy.ast.VariableScope::getParent (5 bytes)
Event: 55.250 Thread 0x0000028c7ce59bd0 nmethod 6932 0x0000028c07f20610 code [0x0000028c07f207a0, 0x0000028c07f20868]
Event: 55.250 Thread 0x0000028c7ce59bd0 6934       1       org.codehaus.groovy.ast.VariableScope::getClassScope (5 bytes)
Event: 55.250 Thread 0x0000028c7ce59bd0 nmethod 6934 0x0000028c07f20910 code [0x0000028c07f20aa0, 0x0000028c07f20b68]
Event: 55.250 Thread 0x0000028c7ce59bd0 6933       1       org.codehaus.groovy.ast.expr.MethodCallExpression::isImplicitThis (5 bytes)
Event: 55.250 Thread 0x0000028c7ce59bd0 nmethod 6933 0x0000028c07f20c10 code [0x0000028c07f20da0, 0x0000028c07f20e70]
Event: 55.250 Thread 0x0000028c7ce59bd0 6935       1       org.codehaus.groovy.ast.DynamicVariable::getName (5 bytes)
Event: 55.250 Thread 0x0000028c7ce59bd0 nmethod 6935 0x0000028c07f20f10 code [0x0000028c07f210a0, 0x0000028c07f21168]
Event: 55.250 Thread 0x0000028c7ce59bd0 6936       3       java.net.URI::percentNormalizedComparison (215 bytes)
Event: 55.252 Thread 0x0000028c7ce59bd0 nmethod 6936 0x0000028c00c46a10 code [0x0000028c00c46f00, 0x0000028c00c496f0]

GC Heap History (14 events):
Event: 3.071 GC heap before
{Heap before GC invocations=0 (full 0):
 garbage-first heap   total 262144K, used 22528K [0x00000000e0000000, 0x0000000100000000)
  region size 1024K, 23 young (23552K), 0 survivors (0K)
 Metaspace       used 1130K, committed 1280K, reserved 393216K
  class space    used 81K, committed 128K, reserved 327680K
}
Event: 3.105 GC heap after
{Heap after GC invocations=1 (full 0):
 garbage-first heap   total 262144K, used 2559K [0x00000000e0000000, 0x0000000100000000)
  region size 1024K, 3 young (3072K), 3 survivors (3072K)
 Metaspace       used 1130K, committed 1280K, reserved 393216K
  class space    used 81K, committed 128K, reserved 327680K
}
Event: 8.413 GC heap before
{Heap before GC invocations=1 (full 0):
 garbage-first heap   total 262144K, used 38399K [0x00000000e0000000, 0x0000000100000000)
  region size 1024K, 36 young (36864K), 3 survivors (3072K)
 Metaspace       used 4460K, committed 4672K, reserved 393216K
  class space    used 545K, committed 640K, reserved 327680K
}
Event: 8.418 GC heap after
{Heap after GC invocations=2 (full 0):
 garbage-first heap   total 262144K, used 11092K [0x00000000e0000000, 0x0000000100000000)
  region size 1024K, 5 young (5120K), 5 survivors (5120K)
 Metaspace       used 4460K, committed 4672K, reserved 393216K
  class space    used 545K, committed 640K, reserved 327680K
}
Event: 10.578 GC heap before
{Heap before GC invocations=2 (full 0):
 garbage-first heap   total 262144K, used 60244K [0x00000000e0000000, 0x0000000100000000)
  region size 1024K, 51 young (52224K), 5 survivors (5120K)
 Metaspace       used 5272K, committed 5504K, reserved 393216K
  class space    used 685K, committed 768K, reserved 327680K
}
Event: 10.586 GC heap after
{Heap after GC invocations=3 (full 0):
 garbage-first heap   total 262144K, used 16874K [0x00000000e0000000, 0x0000000100000000)
  region size 1024K, 7 young (7168K), 7 survivors (7168K)
 Metaspace       used 5272K, committed 5504K, reserved 393216K
  class space    used 685K, committed 768K, reserved 327680K
}
Event: 22.348 GC heap before
{Heap before GC invocations=3 (full 0):
 garbage-first heap   total 262144K, used 105962K [0x00000000e0000000, 0x0000000100000000)
  region size 1024K, 95 young (97280K), 7 survivors (7168K)
 Metaspace       used 20846K, committed 21504K, reserved 393216K
  class space    used 2971K, committed 3328K, reserved 327680K
}
Event: 22.366 GC heap after
{Heap after GC invocations=4 (full 0):
 garbage-first heap   total 262144K, used 24042K [0x00000000e0000000, 0x0000000100000000)
  region size 1024K, 14 young (14336K), 14 survivors (14336K)
 Metaspace       used 20846K, committed 21504K, reserved 393216K
  class space    used 2971K, committed 3328K, reserved 327680K
}
Event: 32.141 GC heap before
{Heap before GC invocations=5 (full 0):
 garbage-first heap   total 262144K, used 149994K [0x00000000e0000000, 0x0000000100000000)
  region size 1024K, 128 young (131072K), 14 survivors (14336K)
 Metaspace       used 34989K, committed 35968K, reserved 393216K
  class space    used 4882K, committed 5376K, reserved 327680K
}
Event: 32.155 GC heap after
{Heap after GC invocations=6 (full 0):
 garbage-first heap   total 262144K, used 46872K [0x00000000e0000000, 0x0000000100000000)
  region size 1024K, 19 young (19456K), 19 survivors (19456K)
 Metaspace       used 34989K, committed 35968K, reserved 393216K
  class space    used 4882K, committed 5376K, reserved 327680K
}
Event: 41.249 GC heap before
{Heap before GC invocations=7 (full 0):
 garbage-first heap   total 262144K, used 188184K [0x00000000e0000000, 0x0000000100000000)
  region size 1024K, 153 young (156672K), 19 survivors (19456K)
 Metaspace       used 40394K, committed 41536K, reserved 393216K
  class space    used 5626K, committed 6208K, reserved 327680K
}
Event: 41.266 GC heap after
{Heap after GC invocations=8 (full 0):
 garbage-first heap   total 262144K, used 52976K [0x00000000e0000000, 0x0000000100000000)
  region size 1024K, 7 young (7168K), 7 survivors (7168K)
 Metaspace       used 40394K, committed 41536K, reserved 393216K
  class space    used 5626K, committed 6208K, reserved 327680K
}
Event: 54.943 GC heap before
{Heap before GC invocations=8 (full 0):
 garbage-first heap   total 262144K, used 208624K [0x00000000e0000000, 0x0000000100000000)
  region size 1024K, 153 young (156672K), 7 survivors (7168K)
 Metaspace       used 51826K, committed 53376K, reserved 393216K
  class space    used 7341K, committed 8128K, reserved 327680K
}
Event: 54.965 GC heap after
{Heap after GC invocations=9 (full 0):
 garbage-first heap   total 262144K, used 67089K [0x00000000e0000000, 0x0000000100000000)
  region size 1024K, 14 young (14336K), 14 survivors (14336K)
 Metaspace       used 51826K, committed 53376K, reserved 393216K
  class space    used 7341K, committed 8128K, reserved 327680K
}

Dll operation events (15 events):
Event: 0.066 Loaded shared library C:\Program Files\Eclipse Adoptium\jdk-21.0.5.11-hotspot\bin\java.dll
Event: 0.388 Loaded shared library C:\Program Files\Eclipse Adoptium\jdk-21.0.5.11-hotspot\bin\jsvml.dll
Event: 0.949 Loaded shared library C:\Program Files\Eclipse Adoptium\jdk-21.0.5.11-hotspot\bin\zip.dll
Event: 0.970 Loaded shared library C:\Program Files\Eclipse Adoptium\jdk-21.0.5.11-hotspot\bin\instrument.dll
Event: 1.030 Loaded shared library C:\Program Files\Eclipse Adoptium\jdk-21.0.5.11-hotspot\bin\net.dll
Event: 1.038 Loaded shared library C:\Program Files\Eclipse Adoptium\jdk-21.0.5.11-hotspot\bin\nio.dll
Event: 1.043 Loaded shared library C:\Program Files\Eclipse Adoptium\jdk-21.0.5.11-hotspot\bin\zip.dll
Event: 2.660 Loaded shared library C:\Program Files\Eclipse Adoptium\jdk-21.0.5.11-hotspot\bin\jimage.dll
Event: 3.687 Loaded shared library C:\Program Files\Eclipse Adoptium\jdk-21.0.5.11-hotspot\bin\verify.dll
Event: 4.057 Loaded shared library C:\Users\taeyu\.gradle\native\1def1411415f61bf3af743bc5b6707747c0891f09f0c88961ee8f79bc544acac\windows-amd64\native-platform.dll
Event: 4.192 Loaded shared library C:\Users\taeyu\.gradle\native\0.2.7\x86_64-windows-gnu\gradle-fileevents.dll
Event: 11.109 Loaded shared library C:\Program Files\Eclipse Adoptium\jdk-21.0.5.11-hotspot\bin\management.dll
Event: 11.117 Loaded shared library C:\Program Files\Eclipse Adoptium\jdk-21.0.5.11-hotspot\bin\management_ext.dll
Event: 11.688 Loaded shared library C:\Program Files\Eclipse Adoptium\jdk-21.0.5.11-hotspot\bin\extnet.dll
Event: 12.844 Loaded shared library C:\Program Files\Eclipse Adoptium\jdk-21.0.5.11-hotspot\bin\sunmscapi.dll

Deoptimization events (20 events):
Event: 55.184 Thread 0x0000028c7cfd0ed0 DEOPT PACKING pc=0x0000028c009516f6 sp=0x000000c964ff5550
Event: 55.184 Thread 0x0000028c7cfd0ed0 DEOPT UNPACKING pc=0x0000028c075888e2 sp=0x000000c964ff4a88 mode 0
Event: 55.191 Thread 0x0000028c7cfd0ed0 DEOPT PACKING pc=0x0000028c00951717 sp=0x000000c964ff5080
Event: 55.191 Thread 0x0000028c7cfd0ed0 DEOPT UNPACKING pc=0x0000028c075888e2 sp=0x000000c964ff45b8 mode 0
Event: 55.202 Thread 0x0000028c7cfd0ed0 DEOPT PACKING pc=0x0000028c009516f6 sp=0x000000c964ff6140
Event: 55.202 Thread 0x0000028c7cfd0ed0 DEOPT UNPACKING pc=0x0000028c075888e2 sp=0x000000c964ff5678 mode 0
Event: 55.208 Thread 0x0000028c7cfd0ed0 DEOPT PACKING pc=0x0000028c00951717 sp=0x000000c964ff6140
Event: 55.208 Thread 0x0000028c7cfd0ed0 DEOPT UNPACKING pc=0x0000028c075888e2 sp=0x000000c964ff5678 mode 0
Event: 55.216 Thread 0x0000028c7cfd0ed0 DEOPT PACKING pc=0x0000028c009516f6 sp=0x000000c964ff5a30
Event: 55.216 Thread 0x0000028c7cfd0ed0 DEOPT UNPACKING pc=0x0000028c075888e2 sp=0x000000c964ff4f68 mode 0
Event: 55.221 Thread 0x0000028c7cfd0ed0 DEOPT PACKING pc=0x0000028c00951717 sp=0x000000c964ff5a30
Event: 55.221 Thread 0x0000028c7cfd0ed0 DEOPT UNPACKING pc=0x0000028c075888e2 sp=0x000000c964ff4f68 mode 0
Event: 55.226 Thread 0x0000028c7cfd0ed0 DEOPT PACKING pc=0x0000028c009516f6 sp=0x000000c964ff54e0
Event: 55.227 Thread 0x0000028c7cfd0ed0 DEOPT UNPACKING pc=0x0000028c075888e2 sp=0x000000c964ff4a18 mode 0
Event: 55.231 Thread 0x0000028c7cfd0ed0 DEOPT PACKING pc=0x0000028c00951717 sp=0x000000c964ff5110
Event: 55.231 Thread 0x0000028c7cfd0ed0 DEOPT UNPACKING pc=0x0000028c075888e2 sp=0x000000c964ff4648 mode 0
Event: 55.236 Thread 0x0000028c7cfd0ed0 DEOPT PACKING pc=0x0000028c009516f6 sp=0x000000c964ff5110
Event: 55.236 Thread 0x0000028c7cfd0ed0 DEOPT UNPACKING pc=0x0000028c075888e2 sp=0x000000c964ff4648 mode 0
Event: 55.241 Thread 0x0000028c7cfd0ed0 DEOPT PACKING pc=0x0000028c00951717 sp=0x000000c964ff4a00
Event: 55.241 Thread 0x0000028c7cfd0ed0 DEOPT UNPACKING pc=0x0000028c075888e2 sp=0x000000c964ff3f38 mode 0

Classes loaded (20 events):
Event: 53.300 Loading class java/io/DeleteOnExitHook$1
Event: 53.300 Loading class java/io/DeleteOnExitHook$1 done
Event: 53.476 Loading class java/util/stream/DistinctOps
Event: 53.477 Loading class java/util/stream/DistinctOps done
Event: 53.477 Loading class java/util/stream/DistinctOps$1
Event: 53.477 Loading class java/util/stream/ReferencePipeline$StatefulOp
Event: 53.477 Loading class java/util/stream/ReferencePipeline$StatefulOp done
Event: 53.477 Loading class java/util/stream/DistinctOps$1 done
Event: 53.478 Loading class java/util/stream/DistinctOps$1$2
Event: 53.478 Loading class java/util/stream/DistinctOps$1$2 done
Event: 53.516 Loading class sun/reflect/ReflectionFactory
Event: 53.516 Loading class sun/reflect/ReflectionFactory done
Event: 53.516 Loading class sun/reflect/ReflectionFactory$1
Event: 53.516 Loading class sun/reflect/ReflectionFactory$1 done
Event: 54.405 Loading class java/util/stream/SortedOps$OfRef
Event: 54.405 Loading class java/util/stream/SortedOps$OfRef done
Event: 54.407 Loading class java/util/stream/SortedOps$SizedRefSortingSink
Event: 54.407 Loading class java/util/stream/SortedOps$AbstractRefSortingSink
Event: 54.407 Loading class java/util/stream/SortedOps$AbstractRefSortingSink done
Event: 54.407 Loading class java/util/stream/SortedOps$SizedRefSortingSink done

Classes unloaded (0 events):
No events

Classes redefined (0 events):
No events

Internal exceptions (20 events):
Event: 51.048 Thread 0x0000028c7cfd0ed0 Exception <a 'java/lang/NoSuchMethodError'{0x00000000e9a2ba28}: 'java.lang.Object java.lang.invoke.DirectMethodHandle$Holder.invokeStatic(java.lang.Object, long, java.lang.Object)'> (0x00000000e9a2ba28) 
thrown [s\src\hotspot\share\interpreter\linkResolver.cpp, line 773]
Event: 51.048 Thread 0x0000028c7cfd0ed0 Exception <a 'java/lang/NoSuchMethodError'{0x00000000e9a33180}: 'java.lang.Object java.lang.invoke.DirectMethodHandle$Holder.newInvokeSpecial(java.lang.Object, long)'> (0x00000000e9a33180) 
thrown [s\src\hotspot\share\interpreter\linkResolver.cpp, line 773]
Event: 51.091 Thread 0x0000028c7cfd0ed0 Exception <a 'java/lang/NoSuchMethodError'{0x00000000e9a9b778}: 'java.lang.Object java.lang.invoke.DirectMethodHandle$Holder.newInvokeSpecial(java.lang.Object, java.lang.Object, java.lang.Object, java.lang.Object, java.lang.Object, long, java.lang.Object)'> (0x00000000e9a9b778) 
thrown [s\src\hotspot\share\interpreter\linkResolver.cpp, line 773]
Event: 51.092 Thread 0x0000028c7cfd0ed0 Exception <a 'java/lang/NoSuchMethodError'{0x00000000e9aa44b0}: 'java.lang.Object java.lang.invoke.Invokers$Holder.linkToTargetMethod(java.lang.Object, java.lang.Object, java.lang.Object, java.lang.Object, long, java.lang.Object, java.lang.Object)'> (0x00000000e9aa44b0) 
thrown [s\src\hotspot\share\interpreter\linkResolver.cpp, line 773]
Event: 51.096 Thread 0x0000028c7cfd0ed0 Exception <a 'java/lang/NoSuchMethodError'{0x00000000e9aea050}: 'java.lang.Object java.lang.invoke.DirectMethodHandle$Holder.newInvokeSpecial(java.lang.Object, java.lang.Object, java.lang.Object, long, java.lang.Object)'> (0x00000000e9aea050) 
thrown [s\src\hotspot\share\interpreter\linkResolver.cpp, line 773]
Event: 51.097 Thread 0x0000028c7cfd0ed0 Exception <a 'java/lang/NoSuchMethodError'{0x00000000e9aef1f0}: 'java.lang.Object java.lang.invoke.DirectMethodHandle$Holder.invokeSpecial(java.lang.Object, java.lang.Object, java.lang.Object, java.lang.Object, long, java.lang.Object)'> (0x00000000e9aef1f0) 
thrown [s\src\hotspot\share\interpreter\linkResolver.cpp, line 773]
Event: 51.097 Thread 0x0000028c7cfd0ed0 Exception <a 'java/lang/NoSuchMethodError'{0x00000000e9af3a20}: 'java.lang.Object java.lang.invoke.Invokers$Holder.linkToTargetMethod(java.lang.Object, java.lang.Object, long, java.lang.Object, java.lang.Object)'> (0x00000000e9af3a20) 
thrown [s\src\hotspot\share\interpreter\linkResolver.cpp, line 773]
Event: 51.502 Thread 0x0000028c7cfd0ed0 Exception <a 'java/lang/NoSuchMethodError'{0x00000000e9773cf8}: 'java.lang.Object java.lang.invoke.DirectMethodHandle$Holder.newInvokeSpecial(java.lang.Object, java.lang.Object, java.lang.Object, java.lang.Object, java.lang.Object, java.lang.Object, java.lang.Object, java.lang.Object, java.lang.Object, java.lang.Object, java.lang.Object, java.lang.Object, java.lang.Object, java.lang.Object, java.lang.Object, java.lang.Object, java.lang.Object, java.lang.Object, java.lang.Object, java.lang.Object, java.lang
Event: 52.278 Thread 0x0000028c7cfd0ed0 Exception <a 'java/lang/ClassNotFoundException'{0x00000000e9374f58}: org/gradle/api/internal/artifacts/dsl/dependencies/DefaultDependencyHandler_DecoratedBeanInfo> (0x00000000e9374f58) 
thrown [s\src\hotspot\share\classfile\systemDictionary.cpp, line 312]
Event: 52.291 Thread 0x0000028c7cfd0ed0 Exception <a 'java/lang/ClassNotFoundException'{0x00000000e938ac18}: org/gradle/api/internal/artifacts/dsl/dependencies/DefaultDependencyHandlerBeanInfo> (0x00000000e938ac18) 
thrown [s\src\hotspot\share\classfile\systemDictionary.cpp, line 312]
Event: 52.292 Thread 0x0000028c7cfd0ed0 Exception <a 'java/lang/ClassNotFoundException'{0x00000000e93a0210}: org/gradle/api/internal/artifacts/dsl/dependencies/DefaultDependencyHandlerCustomizer> (0x00000000e93a0210) 
thrown [s\src\hotspot\share\classfile\systemDictionary.cpp, line 312]
Event: 52.294 Thread 0x0000028c7cfd0ed0 Exception <a 'java/lang/ClassNotFoundException'{0x00000000e93e9cd0}: org/gradle/api/internal/artifacts/dsl/dependencies/DefaultDependencyHandler_DecoratedCustomizer> (0x00000000e93e9cd0) 
thrown [s\src\hotspot\share\classfile\systemDictionary.cpp, line 312]
Event: 52.346 Thread 0x0000028c7cfd0ed0 Exception <a 'java/lang/ClassNotFoundException'{0x00000000e922a740}: ijInit4_80tpodws2swc3hicrp6tctz7i$_run_closure1BeanInfo> (0x00000000e922a740) 
thrown [s\src\hotspot\share\classfile\systemDictionary.cpp, line 312]
Event: 52.347 Thread 0x0000028c7cfd0ed0 Exception <a 'java/lang/ClassNotFoundException'{0x00000000e9231af0}: ijInit4_80tpodws2swc3hicrp6tctz7i$_run_closure1Customizer> (0x00000000e9231af0) 
thrown [s\src\hotspot\share\classfile\systemDictionary.cpp, line 312]
Event: 52.717 Thread 0x0000028c7cfd0ed0 Exception <a 'java/lang/NoSuchMethodError'{0x00000000e908dab8}: 'java.lang.Object java.lang.invoke.DirectMethodHandle$Holder.newInvokeSpecial(java.lang.Object, int, java.lang.Object)'> (0x00000000e908dab8) 
thrown [s\src\hotspot\share\interpreter\linkResolver.cpp, line 773]
Event: 53.220 Thread 0x0000028c7cfd0ed0 Exception <a 'java/lang/NoSuchMethodError'{0x00000000e8764f80}: 'java.lang.Object java.lang.invoke.DirectMethodHandle$Holder.invokeSpecial(java.lang.Object, java.lang.Object, long, java.lang.Object, java.lang.Object)'> (0x00000000e8764f80) 
thrown [s\src\hotspot\share\interpreter\linkResolver.cpp, line 773]
Event: 53.461 Thread 0x0000028c7cfd0ed0 Exception <a 'java/lang/NoSuchMethodError'{0x00000000e837de20}: 'int java.lang.invoke.DirectMethodHandle$Holder.invokeInterface(java.lang.Object, java.lang.Object, java.lang.Object, java.lang.Object, java.lang.Object)'> (0x00000000e837de20) 
thrown [s\src\hotspot\share\interpreter\linkResolver.cpp, line 773]
Event: 53.522 Thread 0x0000028c7cfd0ed0 Exception <a 'java/lang/NoSuchMethodError'{0x00000000e82a8ca0}: 'java.lang.Object java.lang.invoke.DirectMethodHandle$Holder.newInvokeSpecial(java.lang.Object, java.lang.Object, java.lang.Object, java.lang.Object, int, java.lang.Object)'> (0x00000000e82a8ca0) 
thrown [s\src\hotspot\share\interpreter\linkResolver.cpp, line 773]
Event: 53.523 Thread 0x0000028c7cfd0ed0 Exception <a 'java/lang/NoSuchMethodError'{0x00000000e82b15e0}: 'java.lang.Object java.lang.invoke.Invokers$Holder.linkToTargetMethod(java.lang.Object, java.lang.Object, java.lang.Object, int, java.lang.Object, java.lang.Object)'> (0x00000000e82b15e0) 
thrown [s\src\hotspot\share\interpreter\linkResolver.cpp, line 773]
Event: 53.725 Thread 0x0000028c7cfd0ed0 Exception <a 'java/lang/NoSuchMethodError'{0x00000000e7c0d448}: 'java.lang.Object java.lang.invoke.DirectMethodHandle$Holder.invokeSpecialIFC(java.lang.Object, java.lang.Object, java.lang.Object)'> (0x00000000e7c0d448) 
thrown [s\src\hotspot\share\interpreter\linkResolver.cpp, line 773]

ZGC Phase Switch (0 events):
No events

VM Operations (20 events):
Event: 47.770 Executing VM operation: Cleanup
Event: 47.770 Executing VM operation: Cleanup done
Event: 48.777 Executing VM operation: Cleanup
Event: 48.778 Executing VM operation: Cleanup done
Event: 49.586 Executing VM operation: HandshakeAllThreads (Deoptimize)
Event: 49.586 Executing VM operation: HandshakeAllThreads (Deoptimize) done
Event: 50.284 Executing VM operation: HandshakeAllThreads (Deoptimize)
Event: 50.284 Executing VM operation: HandshakeAllThreads (Deoptimize) done
Event: 50.284 Executing VM operation: Cleanup
Event: 50.284 Executing VM operation: Cleanup done
Event: 51.286 Executing VM operation: Cleanup
Event: 51.286 Executing VM operation: Cleanup done
Event: 52.298 Executing VM operation: Cleanup
Event: 52.314 Executing VM operation: Cleanup done
Event: 53.104 Executing VM operation: HandshakeAllThreads (Deoptimize)
Event: 53.104 Executing VM operation: HandshakeAllThreads (Deoptimize) done
Event: 54.105 Executing VM operation: Cleanup
Event: 54.121 Executing VM operation: Cleanup done
Event: 54.943 Executing VM operation: G1CollectForAllocation (G1 Evacuation Pause)
Event: 54.965 Executing VM operation: G1CollectForAllocation (G1 Evacuation Pause) done

Memory protections (0 events):
No events

Nmethod flushes (20 events):
Event: 32.168 Thread 0x0000028c7ce30f60 flushing  nmethod 0x0000028c001e9810
Event: 32.168 Thread 0x0000028c7ce30f60 flushing  nmethod 0x0000028c001ebf10
Event: 32.168 Thread 0x0000028c7ce30f60 flushing  nmethod 0x0000028c00252790
Event: 32.168 Thread 0x0000028c7ce30f60 flushing  nmethod 0x0000028c0025ad10
Event: 32.168 Thread 0x0000028c7ce30f60 flushing  nmethod 0x0000028c002ed490
Event: 32.168 Thread 0x0000028c7ce30f60 flushing  nmethod 0x0000028c002ef190
Event: 32.168 Thread 0x0000028c7ce30f60 flushing  nmethod 0x0000028c002f0410
Event: 32.168 Thread 0x0000028c7ce30f60 flushing  nmethod 0x0000028c002f1a90
Event: 32.168 Thread 0x0000028c7ce30f60 flushing  nmethod 0x0000028c0036c210
Event: 32.168 Thread 0x0000028c7ce30f60 flushing  nmethod 0x0000028c003a6e90
Event: 32.168 Thread 0x0000028c7ce30f60 flushing  nmethod 0x0000028c003a7810
Event: 32.168 Thread 0x0000028c7ce30f60 flushing  nmethod 0x0000028c00508290
Event: 32.168 Thread 0x0000028c7ce30f60 flushing  nmethod 0x0000028c00510e10
Event: 32.168 Thread 0x0000028c7ce30f60 flushing  nmethod 0x0000028c00356990
Event: 32.168 Thread 0x0000028c7ce30f60 flushing  nmethod 0x0000028c00357090
Event: 32.168 Thread 0x0000028c7ce30f60 flushing  nmethod 0x0000028c0035cc90
Event: 32.168 Thread 0x0000028c7ce30f60 flushing  nmethod 0x0000028c0035d910
Event: 32.168 Thread 0x0000028c7ce30f60 flushing  nmethod 0x0000028c0035e710
Event: 32.168 Thread 0x0000028c7ce30f60 flushing  nmethod 0x0000028c0035ed10
Event: 32.168 Thread 0x0000028c7ce30f60 flushing  nmethod 0x0000028c00483b90

Events (20 events):
Event: 47.068 Thread 0x0000028c7cfd0ed0 Thread added: 0x0000028c7f6f1cc0
Event: 47.308 Thread 0x0000028c7cfd0ed0 Thread added: 0x0000028c7f6f0280
Event: 53.237 Thread 0x0000028c7ce59bd0 Thread added: 0x0000028c29566e60
Event: 53.581 Thread 0x0000028c7cfd0ed0 Thread added: 0x0000028c7f6f0910
Event: 53.583 Thread 0x0000028c7cfd0ed0 Thread added: 0x0000028c7f6f64f0
Event: 53.584 Thread 0x0000028c7cfd0ed0 Thread added: 0x0000028c7f6f1630
Event: 53.585 Thread 0x0000028c7cfd0ed0 Thread added: 0x0000028c7f6f2350
Event: 53.586 Thread 0x0000028c7cfd0ed0 Thread added: 0x0000028c29e158a0
Event: 53.589 Thread 0x0000028c7cfd0ed0 Thread added: 0x0000028c29e1a0d0
Event: 53.590 Thread 0x0000028c7cfd0ed0 Thread added: 0x0000028c29e1a760
Event: 53.727 Thread 0x0000028c7cfd0ed0 Thread added: 0x0000028c29e16c50
Event: 53.728 Thread 0x0000028c7cfd0ed0 Thread added: 0x0000028c29e17970
Event: 53.730 Thread 0x0000028c7cfd0ed0 Thread added: 0x0000028c29e18690
Event: 53.732 Thread 0x0000028c7cfd0ed0 Thread added: 0x0000028c29e193b0
Event: 53.737 Thread 0x0000028c7cfd0ed0 Thread added: 0x0000028c29e18000
Event: 53.740 Thread 0x0000028c7cfd0ed0 Thread added: 0x0000028c29e144f0
Event: 53.745 Thread 0x0000028c7cfd0ed0 Thread added: 0x0000028c29e14b80
Event: 53.921 Thread 0x0000028c29566e60 Thread exited: 0x0000028c29566e60
Event: 54.866 Thread 0x0000028c7ce59bd0 Thread added: 0x0000028c29f7f640
Event: 54.866 Thread 0x0000028c7ce59bd0 Thread added: 0x0000028c7f047040


Dynamic libraries:
0x00007ff730c60000 - 0x00007ff730c6e000 	C:\Program Files\Eclipse Adoptium\jdk-21.0.5.11-hotspot\bin\java.exe
0x00007ffea2ed0000 - 0x00007ffea30e7000 	C:\WINDOWS\SYSTEM32\ntdll.dll
0x00007ffea21e0000 - 0x00007ffea22a4000 	C:\WINDOWS\System32\KERNEL32.DLL
0x00007ffea0710000 - 0x00007ffea0ae3000 	C:\WINDOWS\System32\KERNELBASE.dll
0x00007ffea0270000 - 0x00007ffea0381000 	C:\WINDOWS\System32\ucrtbase.dll
0x00007ffe88fd0000 - 0x00007ffe88fe8000 	C:\Program Files\Eclipse Adoptium\jdk-21.0.5.11-hotspot\bin\jli.dll
0x00007ffea0c50000 - 0x00007ffea0e01000 	C:\WINDOWS\System32\USER32.dll
0x00007ffea0660000 - 0x00007ffea0686000 	C:\WINDOWS\System32\win32u.dll
0x00007ffea22b0000 - 0x00007ffea22d9000 	C:\WINDOWS\System32\GDI32.dll
0x00007ffe9ffe0000 - 0x00007ffea00fb000 	C:\WINDOWS\System32\gdi32full.dll
0x00007ffea05c0000 - 0x00007ffea065a000 	C:\WINDOWS\System32\msvcp_win.dll
0x00007ffe89730000 - 0x00007ffe899c8000 	C:\WINDOWS\WinSxS\amd64_microsoft.windows.common-controls_6595b64144ccf1df_6.0.22621.5124_none_270e8f4f7386d69d\COMCTL32.dll
0x00007ffea1f50000 - 0x00007ffea1ff7000 	C:\WINDOWS\System32\msvcrt.dll
0x00007ffe88ec0000 - 0x00007ffe88ede000 	C:\Program Files\Eclipse Adoptium\jdk-21.0.5.11-hotspot\bin\VCRUNTIME140.dll
0x00007ffea0c10000 - 0x00007ffea0c41000 	C:\WINDOWS\System32\IMM32.DLL
0x00007ffe90580000 - 0x00007ffe9058c000 	C:\Program Files\Eclipse Adoptium\jdk-21.0.5.11-hotspot\bin\vcruntime140_1.dll
0x00007ffe36e50000 - 0x00007ffe36edd000 	C:\Program Files\Eclipse Adoptium\jdk-21.0.5.11-hotspot\bin\msvcp140.dll
0x00007ffdba5b0000 - 0x00007ffdbb33f000 	C:\Program Files\Eclipse Adoptium\jdk-21.0.5.11-hotspot\bin\server\jvm.dll
0x00007ffea22e0000 - 0x00007ffea2391000 	C:\WINDOWS\System32\ADVAPI32.dll
0x00007ffea2000000 - 0x00007ffea20a8000 	C:\WINDOWS\System32\sechost.dll
0x00007ffea0390000 - 0x00007ffea03b8000 	C:\WINDOWS\System32\bcrypt.dll
0x00007ffea2cb0000 - 0x00007ffea2dc4000 	C:\WINDOWS\System32\RPCRT4.dll
0x00007ffea0b90000 - 0x00007ffea0c01000 	C:\WINDOWS\System32\WS2_32.dll
0x00007ffe9f620000 - 0x00007ffe9f66d000 	C:\WINDOWS\SYSTEM32\POWRPROF.dll
0x00007ffe98130000 - 0x00007ffe98164000 	C:\WINDOWS\SYSTEM32\WINMM.dll
0x00007ffe940e0000 - 0x00007ffe940ea000 	C:\WINDOWS\SYSTEM32\VERSION.dll
0x00007ffe9f600000 - 0x00007ffe9f613000 	C:\WINDOWS\SYSTEM32\UMPDC.dll
0x00007ffe9efe0000 - 0x00007ffe9eff8000 	C:\WINDOWS\SYSTEM32\kernel.appcore.dll
0x00007ffe88cd0000 - 0x00007ffe88cda000 	C:\Program Files\Eclipse Adoptium\jdk-21.0.5.11-hotspot\bin\jimage.dll
0x00007ffe9d810000 - 0x00007ffe9da42000 	C:\WINDOWS\SYSTEM32\DBGHELP.DLL
0x00007ffea0e70000 - 0x00007ffea1202000 	C:\WINDOWS\System32\combase.dll
0x00007ffea2bc0000 - 0x00007ffea2c97000 	C:\WINDOWS\System32\OLEAUT32.dll
0x00007ffe849b0000 - 0x00007ffe849e2000 	C:\WINDOWS\SYSTEM32\dbgcore.DLL
0x00007ffea0690000 - 0x00007ffea070b000 	C:\WINDOWS\System32\bcryptPrimitives.dll
0x00007ffe82a70000 - 0x00007ffe82a7f000 	C:\Program Files\Eclipse Adoptium\jdk-21.0.5.11-hotspot\bin\instrument.dll
0x00007ffe7e070000 - 0x00007ffe7e08f000 	C:\Program Files\Eclipse Adoptium\jdk-21.0.5.11-hotspot\bin\java.dll
0x00007ffea1580000 - 0x00007ffea1e16000 	C:\WINDOWS\System32\SHELL32.dll
0x00007ffea03c0000 - 0x00007ffea04ff000 	C:\WINDOWS\System32\wintypes.dll
0x00007ffe9deb0000 - 0x00007ffe9e7ca000 	C:\WINDOWS\SYSTEM32\windows.storage.dll
0x00007ffea20b0000 - 0x00007ffea21ba000 	C:\WINDOWS\System32\SHCORE.dll
0x00007ffea2e20000 - 0x00007ffea2e83000 	C:\WINDOWS\System32\shlwapi.dll
0x00007ffe9ff10000 - 0x00007ffe9ff3b000 	C:\WINDOWS\SYSTEM32\profapi.dll
0x00007ffdc7350000 - 0x00007ffdc7427000 	C:\Program Files\Eclipse Adoptium\jdk-21.0.5.11-hotspot\bin\jsvml.dll
0x00007ffe7cfb0000 - 0x00007ffe7cfc8000 	C:\Program Files\Eclipse Adoptium\jdk-21.0.5.11-hotspot\bin\zip.dll
0x00007ffe87c50000 - 0x00007ffe87c60000 	C:\Program Files\Eclipse Adoptium\jdk-21.0.5.11-hotspot\bin\net.dll
0x00007ffe995e0000 - 0x00007ffe9970c000 	C:\WINDOWS\SYSTEM32\WINHTTP.dll
0x00007ffe9f4e0000 - 0x00007ffe9f54a000 	C:\WINDOWS\system32\mswsock.dll
0x00007ffe7d540000 - 0x00007ffe7d556000 	C:\Program Files\Eclipse Adoptium\jdk-21.0.5.11-hotspot\bin\nio.dll
0x00007ffe7b160000 - 0x00007ffe7b170000 	C:\Program Files\Eclipse Adoptium\jdk-21.0.5.11-hotspot\bin\verify.dll
0x00007ffe62f10000 - 0x00007ffe62f37000 	C:\Users\taeyu\.gradle\native\1def1411415f61bf3af743bc5b6707747c0891f09f0c88961ee8f79bc544acac\windows-amd64\native-platform.dll
0x00007ffe36dd0000 - 0x00007ffe36e48000 	C:\Users\taeyu\.gradle\native\0.2.7\x86_64-windows-gnu\gradle-fileevents.dll
0x00007ffe7b150000 - 0x00007ffe7b15a000 	C:\Program Files\Eclipse Adoptium\jdk-21.0.5.11-hotspot\bin\management.dll
0x00007ffe79c00000 - 0x00007ffe79c0b000 	C:\Program Files\Eclipse Adoptium\jdk-21.0.5.11-hotspot\bin\management_ext.dll
0x00007ffea2ca0000 - 0x00007ffea2ca8000 	C:\WINDOWS\System32\PSAPI.DLL
0x00007ffe9ea30000 - 0x00007ffe9ea5d000 	C:\WINDOWS\SYSTEM32\IPHLPAPI.DLL
0x00007ffea1570000 - 0x00007ffea1579000 	C:\WINDOWS\System32\NSI.dll
0x00007ffe79bf0000 - 0x00007ffe79bf9000 	C:\Program Files\Eclipse Adoptium\jdk-21.0.5.11-hotspot\bin\extnet.dll
0x00007ffe9f7d0000 - 0x00007ffe9f7eb000 	C:\WINDOWS\SYSTEM32\CRYPTSP.dll
0x00007ffe9ef40000 - 0x00007ffe9ef77000 	C:\WINDOWS\system32\rsaenh.dll
0x00007ffe9f670000 - 0x00007ffe9f698000 	C:\WINDOWS\SYSTEM32\USERENV.dll
0x00007ffe9f7f0000 - 0x00007ffe9f7fc000 	C:\WINDOWS\SYSTEM32\CRYPTBASE.dll
0x00007ffe6c740000 - 0x00007ffe6c74e000 	C:\Program Files\Eclipse Adoptium\jdk-21.0.5.11-hotspot\bin\sunmscapi.dll
0x00007ffea0100000 - 0x00007ffea0267000 	C:\WINDOWS\System32\CRYPT32.dll
0x00007ffe9f990000 - 0x00007ffe9f9bd000 	C:\WINDOWS\SYSTEM32\ncrypt.dll
0x00007ffe9f950000 - 0x00007ffe9f987000 	C:\WINDOWS\SYSTEM32\NTASN1.dll
0x00007ffdf0e70000 - 0x00007ffdf0e78000 	C:\WINDOWS\system32\wshunix.dll

dbghelp: loaded successfully - version: 4.0.5 - missing functions: none
symbol engine: initialized successfully - sym options: 0x614 - pdb path: .;C:\Program Files\Eclipse Adoptium\jdk-21.0.5.11-hotspot\bin;C:\WINDOWS\SYSTEM32;C:\WINDOWS\WinSxS\amd64_microsoft.windows.common-controls_6595b64144ccf1df_6.0.22621.5124_none_270e8f4f7386d69d;C:\Program Files\Eclipse Adoptium\jdk-21.0.5.11-hotspot\bin\server;C:\Users\taeyu\.gradle\native\1def1411415f61bf3af743bc5b6707747c0891f09f0c88961ee8f79bc544acac\windows-amd64;C:\Users\taeyu\.gradle\native\0.2.7\x86_64-windows-gnu

VM Arguments:
jvm_args: --add-opens=java.base/java.lang=ALL-UNNAMED --add-opens=java.base/java.lang.invoke=ALL-UNNAMED --add-opens=java.base/java.util=ALL-UNNAMED --add-opens=java.prefs/java.util.prefs=ALL-UNNAMED --add-exports=jdk.compiler/com.sun.tools.javac.api=ALL-UNNAMED --add-exports=jdk.compiler/com.sun.tools.javac.util=ALL-UNNAMED --add-opens=java.base/java.util=ALL-UNNAMED --add-opens=java.prefs/java.util.prefs=ALL-UNNAMED --add-opens=java.base/java.nio.charset=ALL-UNNAMED --add-opens=java.base/java.net=ALL-UNNAMED --add-opens=java.base/java.util.concurrent.atomic=ALL-UNNAMED --add-opens=java.xml/javax.xml.namespace=ALL-UNNAMED -XX:MaxMetaspaceSize=384m -XX:+HeapDumpOnOutOfMemoryError -Xms256m -Xmx512m -Dfile.encoding=UTF-8 -Duser.country -Duser.language=en -Duser.variant -javaagent:C:\Users\taeyu\.gradle\wrapper\dists\gradle-8.13-bin\5xuhj0ry160q40clulazy9h7d\gradle-8.13\lib\agents\gradle-instrumentation-agent-8.13.jar 
java_command: org.gradle.launcher.daemon.bootstrap.GradleDaemon 8.13
java_class_path (initial): C:\Users\taeyu\.gradle\wrapper\dists\gradle-8.13-bin\5xuhj0ry160q40clulazy9h7d\gradle-8.13\lib\gradle-daemon-main-8.13.jar
Launcher Type: SUN_STANDARD

[Global flags]
     intx CICompilerCount                          = 4                                         {product} {ergonomic}
   size_t CompressedClassSpaceSize                 = 335544320                                 {product} {ergonomic}
     uint ConcGCThreads                            = 2                                         {product} {ergonomic}
     uint G1ConcRefinementThreads                  = 8                                         {product} {ergonomic}
   size_t G1HeapRegionSize                         = 1048576                                   {product} {ergonomic}
    uintx GCDrainStackTargetSize                   = 64                                        {product} {ergonomic}
     bool HeapDumpOnOutOfMemoryError               = true                                   {manageable} {command line}
   size_t InitialHeapSize                          = 268435456                                 {product} {command line}
   size_t MarkStackSize                            = 4194304                                   {product} {ergonomic}
   size_t MaxHeapSize                              = 536870912                                 {product} {command line}
   size_t MaxMetaspaceSize                         = 402653184                                 {product} {command line}
   size_t MaxNewSize                               = 321912832                                 {product} {ergonomic}
   size_t MinHeapDeltaBytes                        = 1048576                                   {product} {ergonomic}
   size_t MinHeapSize                              = 268435456                                 {product} {command line}
    uintx NonNMethodCodeHeapSize                   = 5839372                                {pd product} {ergonomic}
    uintx NonProfiledCodeHeapSize                  = 122909434                              {pd product} {ergonomic}
    uintx ProfiledCodeHeapSize                     = 122909434                              {pd product} {ergonomic}
    uintx ReservedCodeCacheSize                    = 251658240                              {pd product} {ergonomic}
     bool SegmentedCodeCache                       = true                                      {product} {ergonomic}
   size_t SoftMaxHeapSize                          = 536870912                              {manageable} {ergonomic}
     bool UseCompressedOops                        = true                           {product lp64_product} {ergonomic}
     bool UseG1GC                                  = true                                      {product} {ergonomic}
     bool UseLargePagesIndividualAllocation        = false                                  {pd product} {ergonomic}

Logging:
Log output configuration:
 #0: stdout all=warning uptime,level,tags foldmultilines=false
 #1: stderr all=off uptime,level,tags foldmultilines=false

Environment Variables:
JAVA_HOME=C:\Program Files\Eclipse Adoptium\jdk-21.0.5.11-hotspot
CLASSPATH=C:\Program Files\Eclipse Adoptium\jdk-21.0.5.11-hotspot\lib
PATH=C:\Program Files\MySQL\MySQL Server 8.0\bin;C:\Program Files\Eclipse Adoptium\jdk-21.0.5.11-hotspot\bin;C:\Program Files\Eclipse Adoptium\jdk-21.0.5.11-hotspot\bin;C:\Program Files\Amazon Corretto\jdk11.0.22_7\bin;C:\Program Files\Eclipse Adoptium\jdk-21.0.5.11-hotspot\bin;C:\Program Files\Common Files\Oracle\Java\javapath;C:\Program Files (x86)\Common Files\Oracle\Java\javapath;C:\Program Files (x86)\VMware\VMware Player\bin\;C:\WINDOWS\system32;C:\WINDOWS;C:\WINDOWS\System32\Wbem;C:\WINDOWS\System32\WindowsPowerShell\v1.0\;C:\WINDOWS\System32\OpenSSH\;C:\Program Files\Bandizip\;C:\Program Files\Graphviz\bin;C:\Users\taeyu\OneDrive\ \Graphviz\bin;C:\Program Files\Git\cmd;C:\Users\taeyu\AppData\Local\nvm;C:\nvm4w\nodejs;C:\Program Files\Docker\Docker\resources\bin;C:\Program Files\Amazon\AWSCLIV2\;C:\lib\terraform;C:\Users\taeyu\AppData\Local\Programs\Python\Python312-32\Scripts\;C:\Users\taeyu\AppData\Local\Programs\Python\Python312-32\;C:\Users\taeyu\AppData\Local\Programs\Python\Launcher\;c:\Program Files\MySQL\MySQL Server 8.0\bin;C:\Users\taeyu\AppData\Local\Programs\Microsoft VS Code\bin;C:\Users\taeyu\AppData\Local\nvm;C:\nvm4w\nodejs;C:\Users\taeyu\AppData\Local\Programs\cursor\resources\app\bin
USERNAME=taeyu
OS=Windows_NT
PROCESSOR_IDENTIFIER=Intel64 Family 6 Model 140 Stepping 1, GenuineIntel
TMP=C:\Users\taeyu\AppData\Local\Temp
TEMP=C:\Users\taeyu\AppData\Local\Temp




Periodic native trim disabled

---------------  S Y S T E M  ---------------

OS:
 Windows 11 , 64 bit Build 22621 (10.0.22621.5124)
OS uptime: 0 days 1:42 hours
Hyper-V role detected

CPU: total 8 (initial active 8) (4 cores per cpu, 2 threads per core) family 6 model 140 stepping 1 microcode 0x8a, cx8, cmov, fxsr, ht, mmx, 3dnowpref, sse, sse2, sse3, ssse3, sse4.1, sse4.2, popcnt, lzcnt, tsc, tscinvbit, avx, avx2, aes, erms, clmul, bmi1, bmi2, adx, avx512f, avx512dq, avx512cd, avx512bw, avx512vl, sha, fma, vzeroupper, avx512_vpopcntdq, avx512_vpclmulqdq, avx512_vaes, avx512_vnni, clflush, clflushopt, clwb, avx512_vbmi2, avx512_vbmi, hv, rdtscp, rdpid, fsrm, gfni, avx512_bitalg, f16c, cet_ibt, cet_ss, avx512_ifma
Processor Information for all 8 processors :
  Max Mhz: 2419, Current Mhz: 2419, Mhz Limit: 2419

Memory: 4k page, system-wide physical 7915M (592M free)
TotalPageFile size 26822M (AvailPageFile size 4M)
current process WorkingSet (physical memory assigned to process): 313M, peak: 314M
current process commit charge ("private bytes"): 487M, peak: 487M

vm_info: OpenJDK 64-Bit Server VM (21.0.5+11-LTS) for windows-amd64 JRE (21.0.5+11-LTS), built on 2024-10-15T00:00:00Z by "admin" with MS VC++ 17.7 (VS2022)

END.
